2022-04-25_16-42-46 [restartedMain] INFO  c.c.a.AuthorizationMicroserviceApplication - Starting AuthorizationMicroserviceApplication using Java 1.8.0_181 on DESKTOP-PSR7GHJ with PID 15276 (C:\Users\HP\Downloads\Pension-Management-System-main\Pension-Management-System-main\Authorization-Microservice\target\classes started by HP in C:\Users\HP\Downloads\Pension-Management-System-main\Pension-Management-System-main\Authorization-Microservice)
2022-04-25_16-42-46 [restartedMain] INFO  c.c.a.AuthorizationMicroserviceApplication - No active profile set, falling back to default profiles: default
2022-04-25_16-42-46 [restartedMain] INFO  o.s.b.d.e.DevToolsPropertyDefaultsPostProcessor - Devtools property defaults active! Set 'spring.devtools.add-properties' to 'false' to disable
2022-04-25_16-42-46 [restartedMain] INFO  o.s.b.d.e.DevToolsPropertyDefaultsPostProcessor - For additional web related logging consider setting the 'logging.level.web' property to 'DEBUG'
2022-04-25_16-42-46 [restartedMain] INFO  o.s.d.r.c.RepositoryConfigurationDelegate - Bootstrapping Spring Data JPA repositories in DEFAULT mode.
2022-04-25_16-42-46 [restartedMain] INFO  o.s.d.r.c.RepositoryConfigurationDelegate - Finished Spring Data repository scanning in 58 ms. Found 1 JPA repository interfaces.
2022-04-25_16-42-46 [restartedMain] INFO  o.s.cloud.context.scope.GenericScope - BeanFactory id=9cfaff61-749d-3a21-a9ed-bc8d51a71c97
2022-04-25_16-42-46 [restartedMain] INFO  o.s.b.w.e.tomcat.TomcatWebServer - Tomcat initialized with port(s): 8400 (http)
2022-04-25_16-42-46 [restartedMain] INFO  o.a.coyote.http11.Http11NioProtocol - Initializing ProtocolHandler ["http-nio-8400"]
2022-04-25_16-42-46 [restartedMain] INFO  o.a.catalina.core.StandardService - Starting service [Tomcat]
2022-04-25_16-42-46 [restartedMain] INFO  o.a.catalina.core.StandardEngine - Starting Servlet engine: [Apache Tomcat/9.0.41]
2022-04-25_16-42-46 [restartedMain] INFO  o.a.c.c.C.[.[localhost].[/auth] - Initializing Spring embedded WebApplicationContext
2022-04-25_16-42-46 [restartedMain] INFO  o.s.b.w.s.c.ServletWebServerApplicationContext - Root WebApplicationContext: initialization completed in 4320 ms
2022-04-25_16-42-46 [restartedMain] INFO  com.zaxxer.hikari.HikariDataSource - HikariPool-1 - Starting...
2022-04-25_16-42-46 [restartedMain] INFO  com.zaxxer.hikari.HikariDataSource - HikariPool-1 - Start completed.
2022-04-25_16-42-46 [restartedMain] INFO  o.s.b.a.h.H2ConsoleAutoConfiguration - H2 console available at '/db'. Database available at 'jdbc:h2:mem:testdb'
2022-04-25_16-42-46 [restartedMain] INFO  o.h.jpa.internal.util.LogHelper - HHH000204: Processing PersistenceUnitInfo [name: default]
2022-04-25_16-42-46 [restartedMain] INFO  org.hibernate.Version - HHH000412: Hibernate ORM core version 5.4.27.Final
2022-04-25_16-42-46 [restartedMain] INFO  o.h.annotations.common.Version - HCANN000001: Hibernate Commons Annotations {5.1.2.Final}
2022-04-25_16-42-46 [restartedMain] INFO  org.hibernate.dialect.Dialect - HHH000400: Using dialect: org.hibernate.dialect.H2Dialect
2022-04-25_16-42-46 [restartedMain] INFO  o.h.e.t.j.p.i.JtaPlatformInitiator - HHH000490: Using JtaPlatform implementation: [org.hibernate.engine.transaction.jta.platform.internal.NoJtaPlatform]
2022-04-25_16-42-46 [restartedMain] INFO  o.s.o.j.LocalContainerEntityManagerFactoryBean - Initialized JPA EntityManagerFactory for persistence unit 'default'
2022-04-25_16-42-46 [restartedMain] INFO  o.s.b.a.e.web.EndpointLinksResolver - Exposing 2 endpoint(s) beneath base path '/actuator'
2022-04-25_16-42-46 [restartedMain] INFO  s.d.s.w.PropertySourcedRequestMappingHandlerMapping - Mapped URL path [/v2/api-docs] onto method [springfox.documentation.swagger2.web.Swagger2Controller#getDocumentation(String, HttpServletRequest)]
2022-04-25_16-42-46 [restartedMain] INFO  o.s.s.web.DefaultSecurityFilterChain - Will secure any request with [org.springframework.security.web.context.request.async.WebAsyncManagerIntegrationFilter@21bc30d5, org.springframework.security.web.context.SecurityContextPersistenceFilter@4b109554, org.springframework.security.web.header.HeaderWriterFilter@4ae65cd1, org.springframework.security.web.authentication.logout.LogoutFilter@42f666e9, com.cts.authorization.config.JwtRequestFilter@40246bf1, org.springframework.security.web.savedrequest.RequestCacheAwareFilter@7aab2c64, org.springframework.security.web.servletapi.SecurityContextHolderAwareRequestFilter@14e67503, org.springframework.security.web.authentication.AnonymousAuthenticationFilter@a9c776d, org.springframework.security.web.session.SessionManagementFilter@681316d3, org.springframework.security.web.access.ExceptionTranslationFilter@42e035be, org.springframework.security.web.access.intercept.FilterSecurityInterceptor@71f86a2d]
2022-04-25_16-42-46 [restartedMain] INFO  o.s.s.c.ThreadPoolTaskExecutor - Initializing ExecutorService 'applicationTaskExecutor'
2022-04-25_16-42-46 [restartedMain] INFO  o.a.coyote.http11.Http11NioProtocol - Starting ProtocolHandler ["http-nio-8400"]
2022-04-25_16-42-46 [restartedMain] INFO  o.s.b.w.e.tomcat.TomcatWebServer - Tomcat started on port(s): 8400 (http) with context path '/auth'
2022-04-25_16-42-46 [restartedMain] INFO  s.d.s.w.p.DocumentationPluginsBootstrapper - Context refreshed
2022-04-25_16-42-46 [restartedMain] INFO  s.d.s.w.p.DocumentationPluginsBootstrapper - Found 1 custom documentation plugin(s)
2022-04-25_16-42-46 [restartedMain] INFO  s.d.s.w.s.ApiListingReferenceScanner - Scanning for api listing references
2022-04-25_16-42-46 [restartedMain] INFO  s.d.s.w.r.o.CachingOperationNameGenerator - Generating unique operation named: handleUsingGET_1
2022-04-25_16-42-46 [restartedMain] INFO  s.d.s.w.r.o.CachingOperationNameGenerator - Generating unique operation named: handleUsingGET_2
2022-04-25_16-42-46 [restartedMain] INFO  c.c.a.AuthorizationMicroserviceApplication - Started AuthorizationMicroserviceApplication in 32.74 seconds (JVM running for 35.204)
2022-04-25_16-42-46 [RMI TCP Connection(11)-127.0.0.1] INFO  o.a.c.c.C.[.[localhost].[/auth] - Initializing Spring DispatcherServlet 'dispatcherServlet'
2022-04-25_16-42-46 [RMI TCP Connection(11)-127.0.0.1] INFO  o.s.web.servlet.DispatcherServlet - Initializing Servlet 'dispatcherServlet'
2022-04-25_16-42-46 [RMI TCP Connection(11)-127.0.0.1] INFO  o.s.web.servlet.DispatcherServlet - Completed initialization in 5 ms
2022-04-25_16-42-46 [http-nio-8400-exec-1] INFO  c.c.a.service.JwtUserDetailsService - User found
2022-04-25_16-42-46 [http-nio-8400-exec-1] INFO  c.c.a.service.JwtUserDetailsService - user successfully located
2022-04-25_16-42-46 [http-nio-8400-exec-1] INFO  c.c.a.service.JwtUserDetailsService - User found
2022-04-25_16-42-46 [http-nio-8400-exec-1] INFO  c.c.a.service.JwtUserDetailsService - user successfully located
2022-04-25_16-42-46 [http-nio-8400-exec-3] INFO  c.c.a.service.JwtUserDetailsService - User found
2022-04-25_16-42-46 [http-nio-8400-exec-3] INFO  c.c.a.service.JwtUserDetailsService - user successfully located
2022-04-25_16-42-46 [http-nio-8400-exec-4] INFO  c.c.a.service.JwtUserDetailsService - User found
2022-04-25_16-42-46 [http-nio-8400-exec-4] INFO  c.c.a.service.JwtUserDetailsService - user successfully located
2022-04-25_16-42-46 [http-nio-8400-exec-5] INFO  c.c.a.service.JwtUserDetailsService - User found
2022-04-25_16-42-46 [http-nio-8400-exec-5] INFO  c.c.a.service.JwtUserDetailsService - user successfully located
2022-04-25_16-42-46 [http-nio-8400-exec-6] INFO  c.c.a.service.JwtUserDetailsService - User found
2022-04-25_16-42-46 [http-nio-8400-exec-6] INFO  c.c.a.service.JwtUserDetailsService - user successfully located
2022-04-25_16-42-46 [http-nio-8400-exec-7] INFO  c.c.a.service.JwtUserDetailsService - User found
2022-04-25_16-42-46 [http-nio-8400-exec-7] INFO  c.c.a.service.JwtUserDetailsService - user successfully located
2022-04-25_16-42-46 [http-nio-8400-exec-8] INFO  c.c.a.service.JwtUserDetailsService - User found
2022-04-25_16-42-46 [http-nio-8400-exec-8] INFO  c.c.a.service.JwtUserDetailsService - user successfully located
2022-04-25_16-42-46 [http-nio-8400-exec-9] INFO  c.c.a.service.JwtUserDetailsService - User found
2022-04-25_16-42-46 [http-nio-8400-exec-9] INFO  c.c.a.service.JwtUserDetailsService - user successfully located
2022-04-25_16-42-46 [http-nio-8400-exec-10] INFO  c.c.a.service.JwtUserDetailsService - User found
2022-04-25_16-42-46 [http-nio-8400-exec-10] INFO  c.c.a.service.JwtUserDetailsService - user successfully located
2022-04-25_16-42-46 [http-nio-8400-exec-1] INFO  c.c.a.service.JwtUserDetailsService - User found
2022-04-25_16-42-46 [http-nio-8400-exec-1] INFO  c.c.a.service.JwtUserDetailsService - user successfully located
2022-04-25_16-42-46 [http-nio-8400-exec-2] INFO  c.c.a.service.JwtUserDetailsService - User found
2022-04-25_16-42-46 [http-nio-8400-exec-2] INFO  c.c.a.service.JwtUserDetailsService - user successfully located
2022-04-25_16-42-46 [http-nio-8400-exec-3] INFO  c.c.a.service.JwtUserDetailsService - User found
2022-04-25_16-42-46 [http-nio-8400-exec-3] INFO  c.c.a.service.JwtUserDetailsService - user successfully located
2022-04-25_16-42-46 [http-nio-8400-exec-4] INFO  c.c.a.service.JwtUserDetailsService - User found
2022-04-25_16-42-46 [http-nio-8400-exec-4] INFO  c.c.a.service.JwtUserDetailsService - user successfully located
2022-04-25_16-42-46 [http-nio-8400-exec-5] INFO  c.c.a.service.JwtUserDetailsService - User found
2022-04-25_16-42-46 [http-nio-8400-exec-5] INFO  c.c.a.service.JwtUserDetailsService - user successfully located
2022-04-25_16-42-46 [http-nio-8400-exec-6] INFO  c.c.a.service.JwtUserDetailsService - User found
2022-04-25_16-42-46 [http-nio-8400-exec-6] INFO  c.c.a.service.JwtUserDetailsService - user successfully located
2022-04-25_16-42-46 [http-nio-8400-exec-7] INFO  c.c.a.service.JwtUserDetailsService - User found
2022-04-25_16-42-46 [http-nio-8400-exec-7] INFO  c.c.a.service.JwtUserDetailsService - user successfully located
2022-04-25_16-42-46 [http-nio-8400-exec-8] INFO  c.c.a.service.JwtUserDetailsService - User found
2022-04-25_16-42-46 [http-nio-8400-exec-8] INFO  c.c.a.service.JwtUserDetailsService - user successfully located
2022-04-25_16-42-46 [http-nio-8400-exec-9] INFO  c.c.a.service.JwtUserDetailsService - User found
2022-04-25_16-42-46 [http-nio-8400-exec-9] INFO  c.c.a.service.JwtUserDetailsService - user successfully located
2022-04-25_16-42-46 [http-nio-8400-exec-10] INFO  c.c.a.service.JwtUserDetailsService - User found
2022-04-25_16-42-46 [http-nio-8400-exec-10] INFO  c.c.a.service.JwtUserDetailsService - user successfully located
2022-04-25_16-42-46 [http-nio-8400-exec-1] INFO  c.c.a.service.JwtUserDetailsService - User found
2022-04-25_16-42-46 [http-nio-8400-exec-1] INFO  c.c.a.service.JwtUserDetailsService - user successfully located
2022-04-25_16-42-46 [http-nio-8400-exec-2] INFO  c.c.a.service.JwtUserDetailsService - User found
2022-04-25_16-42-46 [http-nio-8400-exec-2] INFO  c.c.a.service.JwtUserDetailsService - user successfully located
2022-04-25_16-42-46 [http-nio-8400-exec-3] INFO  c.c.a.service.JwtUserDetailsService - User found
2022-04-25_16-42-46 [http-nio-8400-exec-3] INFO  c.c.a.service.JwtUserDetailsService - user successfully located
2022-04-25_16-42-46 [http-nio-8400-exec-4] INFO  c.c.a.service.JwtUserDetailsService - User found
2022-04-25_16-42-46 [http-nio-8400-exec-4] INFO  c.c.a.service.JwtUserDetailsService - user successfully located
