2022-05-18_12-58-36 [restartedMain] INFO  c.c.a.AuthorizationMicroserviceApplication - Starting AuthorizationMicroserviceApplication using Java 1.8.0_181 on DESKTOP-PSR7GHJ with PID 4632 (F:\FullStack\Pension-Management-System-main\Pension-Management-System-main\Authorization-Microservice\target\classes started by HP in F:\FullStack\Pension-Management-System-main\Pension-Management-System-main\Authorization-Microservice)
2022-05-18_12-58-36 [restartedMain] INFO  c.c.a.AuthorizationMicroserviceApplication - No active profile set, falling back to default profiles: default
2022-05-18_12-58-36 [restartedMain] INFO  o.s.b.d.e.DevToolsPropertyDefaultsPostProcessor - Devtools property defaults active! Set 'spring.devtools.add-properties' to 'false' to disable
2022-05-18_12-58-36 [restartedMain] INFO  o.s.b.d.e.DevToolsPropertyDefaultsPostProcessor - For additional web related logging consider setting the 'logging.level.web' property to 'DEBUG'
2022-05-18_12-58-36 [restartedMain] INFO  o.s.d.r.c.RepositoryConfigurationDelegate - Bootstrapping Spring Data JPA repositories in DEFAULT mode.
2022-05-18_12-58-36 [restartedMain] INFO  o.s.d.r.c.RepositoryConfigurationDelegate - Finished Spring Data repository scanning in 85 ms. Found 1 JPA repository interfaces.
2022-05-18_12-58-36 [restartedMain] INFO  o.s.cloud.context.scope.GenericScope - BeanFactory id=56766287-e7a3-34dc-baed-cec81c337dbb
2022-05-18_12-58-36 [restartedMain] INFO  o.s.c.s.PostProcessorRegistrationDelegate$BeanPostProcessorChecker - Bean 'org.springframework.hateoas.config.HateoasConfiguration' of type [org.springframework.hateoas.config.HateoasConfiguration] is not eligible for getting processed by all BeanPostProcessors (for example: not eligible for auto-proxying)
2022-05-18_12-58-36 [restartedMain] INFO  o.s.c.s.PostProcessorRegistrationDelegate$BeanPostProcessorChecker - Bean 'relProviderPluginRegistry' of type [org.springframework.plugin.core.support.PluginRegistryFactoryBean] is not eligible for getting processed by all BeanPostProcessors (for example: not eligible for auto-proxying)
2022-05-18_12-58-36 [restartedMain] INFO  o.s.c.s.PostProcessorRegistrationDelegate$BeanPostProcessorChecker - Bean 'relProviderPluginRegistry' of type [org.springframework.plugin.core.OrderAwarePluginRegistry] is not eligible for getting processed by all BeanPostProcessors (for example: not eligible for auto-proxying)
2022-05-18_12-58-36 [restartedMain] INFO  o.s.c.s.PostProcessorRegistrationDelegate$BeanPostProcessorChecker - Bean '_relProvider' of type [org.springframework.hateoas.server.core.DelegatingLinkRelationProvider] is not eligible for getting processed by all BeanPostProcessors (for example: not eligible for auto-proxying)
2022-05-18_12-58-36 [restartedMain] INFO  o.s.c.s.PostProcessorRegistrationDelegate$BeanPostProcessorChecker - Bean 'messageResolver' of type [org.springframework.hateoas.mediatype.MessageSourceResolver] is not eligible for getting processed by all BeanPostProcessors (for example: not eligible for auto-proxying)
2022-05-18_12-58-36 [restartedMain] INFO  o.s.c.s.PostProcessorRegistrationDelegate$BeanPostProcessorChecker - Bean 'org.springframework.data.web.config.SpringDataJacksonConfiguration' of type [org.springframework.data.web.config.SpringDataJacksonConfiguration] is not eligible for getting processed by all BeanPostProcessors (for example: not eligible for auto-proxying)
2022-05-18_12-58-36 [restartedMain] INFO  o.s.c.s.PostProcessorRegistrationDelegate$BeanPostProcessorChecker - Bean 'jacksonGeoModule' of type [org.springframework.data.geo.GeoModule] is not eligible for getting processed by all BeanPostProcessors (for example: not eligible for auto-proxying)
2022-05-18_12-58-36 [restartedMain] INFO  o.s.c.s.PostProcessorRegistrationDelegate$BeanPostProcessorChecker - Bean 'org.springframework.boot.autoconfigure.data.rest.RepositoryRestMvcAutoConfiguration' of type [org.springframework.boot.autoconfigure.data.rest.RepositoryRestMvcAutoConfiguration] is not eligible for getting processed by all BeanPostProcessors (for example: not eligible for auto-proxying)
2022-05-18_12-58-36 [restartedMain] INFO  o.s.c.s.PostProcessorRegistrationDelegate$BeanPostProcessorChecker - Bean 'org.springframework.boot.autoconfigure.jackson.JacksonAutoConfiguration$JacksonObjectMapperBuilderConfiguration' of type [org.springframework.boot.autoconfigure.jackson.JacksonAutoConfiguration$JacksonObjectMapperBuilderConfiguration] is not eligible for getting processed by all BeanPostProcessors (for example: not eligible for auto-proxying)
2022-05-18_12-58-36 [restartedMain] INFO  o.s.c.s.PostProcessorRegistrationDelegate$BeanPostProcessorChecker - Bean 'org.springframework.boot.autoconfigure.jackson.JacksonAutoConfiguration$Jackson2ObjectMapperBuilderCustomizerConfiguration' of type [org.springframework.boot.autoconfigure.jackson.JacksonAutoConfiguration$Jackson2ObjectMapperBuilderCustomizerConfiguration] is not eligible for getting processed by all BeanPostProcessors (for example: not eligible for auto-proxying)
2022-05-18_12-58-36 [restartedMain] INFO  o.s.c.s.PostProcessorRegistrationDelegate$BeanPostProcessorChecker - Bean 'spring.jackson-org.springframework.boot.autoconfigure.jackson.JacksonProperties' of type [org.springframework.boot.autoconfigure.jackson.JacksonProperties] is not eligible for getting processed by all BeanPostProcessors (for example: not eligible for auto-proxying)
2022-05-18_12-58-36 [restartedMain] INFO  o.s.c.s.PostProcessorRegistrationDelegate$BeanPostProcessorChecker - Bean 'standardJacksonObjectMapperBuilderCustomizer' of type [org.springframework.boot.autoconfigure.jackson.JacksonAutoConfiguration$Jackson2ObjectMapperBuilderCustomizerConfiguration$StandardJackson2ObjectMapperBuilderCustomizer] is not eligible for getting processed by all BeanPostProcessors (for example: not eligible for auto-proxying)
2022-05-18_12-58-36 [restartedMain] INFO  o.s.c.s.PostProcessorRegistrationDelegate$BeanPostProcessorChecker - Bean 'org.springframework.boot.autoconfigure.jackson.JacksonAutoConfiguration$ParameterNamesModuleConfiguration' of type [org.springframework.boot.autoconfigure.jackson.JacksonAutoConfiguration$ParameterNamesModuleConfiguration] is not eligible for getting processed by all BeanPostProcessors (for example: not eligible for auto-proxying)
2022-05-18_12-58-36 [restartedMain] INFO  o.s.c.s.PostProcessorRegistrationDelegate$BeanPostProcessorChecker - Bean 'parameterNamesModule' of type [com.fasterxml.jackson.module.paramnames.ParameterNamesModule] is not eligible for getting processed by all BeanPostProcessors (for example: not eligible for auto-proxying)
2022-05-18_12-58-36 [restartedMain] INFO  o.s.c.s.PostProcessorRegistrationDelegate$BeanPostProcessorChecker - Bean 'org.springframework.boot.autoconfigure.jackson.JacksonAutoConfiguration' of type [org.springframework.boot.autoconfigure.jackson.JacksonAutoConfiguration] is not eligible for getting processed by all BeanPostProcessors (for example: not eligible for auto-proxying)
2022-05-18_12-58-36 [restartedMain] INFO  o.s.c.s.PostProcessorRegistrationDelegate$BeanPostProcessorChecker - Bean 'jsonComponentModule' of type [org.springframework.boot.jackson.JsonComponentModule] is not eligible for getting processed by all BeanPostProcessors (for example: not eligible for auto-proxying)
2022-05-18_12-58-36 [restartedMain] INFO  o.s.c.s.PostProcessorRegistrationDelegate$BeanPostProcessorChecker - Bean 'jacksonObjectMapperBuilder' of type [org.springframework.http.converter.json.Jackson2ObjectMapperBuilder] is not eligible for getting processed by all BeanPostProcessors (for example: not eligible for auto-proxying)
2022-05-18_12-58-36 [restartedMain] INFO  o.s.c.s.PostProcessorRegistrationDelegate$BeanPostProcessorChecker - Bean 'spring.data.rest-org.springframework.boot.autoconfigure.data.rest.RepositoryRestProperties' of type [org.springframework.boot.autoconfigure.data.rest.RepositoryRestProperties] is not eligible for getting processed by all BeanPostProcessors (for example: not eligible for auto-proxying)
2022-05-18_12-58-36 [restartedMain] INFO  o.s.c.s.PostProcessorRegistrationDelegate$BeanPostProcessorChecker - Bean 'springBootRepositoryRestConfigurer' of type [org.springframework.boot.autoconfigure.data.rest.SpringBootRepositoryRestConfigurer] is not eligible for getting processed by all BeanPostProcessors (for example: not eligible for auto-proxying)
2022-05-18_12-58-36 [restartedMain] INFO  o.s.c.s.PostProcessorRegistrationDelegate$BeanPostProcessorChecker - Bean 'configurerDelegate' of type [org.springframework.data.rest.webmvc.config.RepositoryRestConfigurerDelegate] is not eligible for getting processed by all BeanPostProcessors (for example: not eligible for auto-proxying)
2022-05-18_12-58-36 [restartedMain] INFO  o.s.c.s.PostProcessorRegistrationDelegate$BeanPostProcessorChecker - Bean 'org.springframework.boot.autoconfigure.http.HttpMessageConvertersAutoConfiguration$StringHttpMessageConverterConfiguration' of type [org.springframework.boot.autoconfigure.http.HttpMessageConvertersAutoConfiguration$StringHttpMessageConverterConfiguration] is not eligible for getting processed by all BeanPostProcessors (for example: not eligible for auto-proxying)
2022-05-18_12-58-36 [restartedMain] INFO  o.s.c.s.PostProcessorRegistrationDelegate$BeanPostProcessorChecker - Bean 'stringHttpMessageConverter' of type [org.springframework.http.converter.StringHttpMessageConverter] is not eligible for getting processed by all BeanPostProcessors (for example: not eligible for auto-proxying)
2022-05-18_12-58-36 [restartedMain] INFO  o.s.c.s.PostProcessorRegistrationDelegate$BeanPostProcessorChecker - Bean 'org.springframework.boot.autoconfigure.http.JacksonHttpMessageConvertersConfiguration$MappingJackson2HttpMessageConverterConfiguration' of type [org.springframework.boot.autoconfigure.http.JacksonHttpMessageConvertersConfiguration$MappingJackson2HttpMessageConverterConfiguration] is not eligible for getting processed by all BeanPostProcessors (for example: not eligible for auto-proxying)
2022-05-18_12-58-36 [restartedMain] INFO  o.s.c.s.PostProcessorRegistrationDelegate$BeanPostProcessorChecker - Bean 'org.springframework.boot.autoconfigure.jackson.JacksonAutoConfiguration$JacksonObjectMapperConfiguration' of type [org.springframework.boot.autoconfigure.jackson.JacksonAutoConfiguration$JacksonObjectMapperConfiguration] is not eligible for getting processed by all BeanPostProcessors (for example: not eligible for auto-proxying)
2022-05-18_12-58-36 [restartedMain] INFO  o.s.c.s.PostProcessorRegistrationDelegate$BeanPostProcessorChecker - Bean 'jacksonObjectMapperBuilder' of type [org.springframework.http.converter.json.Jackson2ObjectMapperBuilder] is not eligible for getting processed by all BeanPostProcessors (for example: not eligible for auto-proxying)
2022-05-18_12-58-36 [restartedMain] INFO  o.s.c.s.PostProcessorRegistrationDelegate$BeanPostProcessorChecker - Bean 'jacksonObjectMapper' of type [com.fasterxml.jackson.databind.ObjectMapper] is not eligible for getting processed by all BeanPostProcessors (for example: not eligible for auto-proxying)
2022-05-18_12-58-36 [restartedMain] INFO  o.s.c.s.PostProcessorRegistrationDelegate$BeanPostProcessorChecker - Bean 'mappingJackson2HttpMessageConverter' of type [org.springframework.http.converter.json.MappingJackson2HttpMessageConverter] is not eligible for getting processed by all BeanPostProcessors (for example: not eligible for auto-proxying)
2022-05-18_12-58-36 [restartedMain] INFO  o.s.c.s.PostProcessorRegistrationDelegate$BeanPostProcessorChecker - Bean 'org.springframework.data.rest.webmvc.config.RepositoryRestMvcConfiguration' of type [org.springframework.data.rest.webmvc.config.RepositoryRestMvcConfiguration] is not eligible for getting processed by all BeanPostProcessors (for example: not eligible for auto-proxying)
2022-05-18_12-58-36 [restartedMain] INFO  o.s.b.w.e.tomcat.TomcatWebServer - Tomcat initialized with port(s): 8104 (http)
2022-05-18_12-58-36 [restartedMain] INFO  o.a.coyote.http11.Http11NioProtocol - Initializing ProtocolHandler ["http-nio-8104"]
2022-05-18_12-58-36 [restartedMain] INFO  o.a.catalina.core.StandardService - Starting service [Tomcat]
2022-05-18_12-58-36 [restartedMain] INFO  o.a.catalina.core.StandardEngine - Starting Servlet engine: [Apache Tomcat/9.0.41]
2022-05-18_12-58-36 [restartedMain] INFO  o.a.c.c.C.[.[localhost].[/auth] - Initializing Spring embedded WebApplicationContext
2022-05-18_12-58-36 [restartedMain] INFO  o.s.b.w.s.c.ServletWebServerApplicationContext - Root WebApplicationContext: initialization completed in 2792 ms
2022-05-18_12-58-36 [restartedMain] INFO  com.zaxxer.hikari.HikariDataSource - HikariPool-1 - Starting...
2022-05-18_12-58-36 [restartedMain] INFO  com.zaxxer.hikari.HikariDataSource - HikariPool-1 - Start completed.
2022-05-18_12-58-36 [restartedMain] INFO  o.s.b.a.h.H2ConsoleAutoConfiguration - H2 console available at '/db'. Database available at 'jdbc:h2:mem:testdb'
2022-05-18_12-58-36 [restartedMain] INFO  o.h.jpa.internal.util.LogHelper - HHH000204: Processing PersistenceUnitInfo [name: default]
2022-05-18_12-58-36 [restartedMain] INFO  org.hibernate.Version - HHH000412: Hibernate ORM core version 5.4.27.Final
2022-05-18_12-58-36 [restartedMain] INFO  o.h.annotations.common.Version - HCANN000001: Hibernate Commons Annotations {5.1.2.Final}
2022-05-18_12-58-36 [restartedMain] INFO  org.hibernate.dialect.Dialect - HHH000400: Using dialect: org.hibernate.dialect.H2Dialect
2022-05-18_12-58-36 [restartedMain] INFO  o.h.e.t.j.p.i.JtaPlatformInitiator - HHH000490: Using JtaPlatform implementation: [org.hibernate.engine.transaction.jta.platform.internal.NoJtaPlatform]
2022-05-18_12-58-36 [restartedMain] INFO  o.s.o.j.LocalContainerEntityManagerFactoryBean - Initialized JPA EntityManagerFactory for persistence unit 'default'
2022-05-18_12-58-36 [restartedMain] INFO  o.s.b.d.a.OptionalLiveReloadServer - LiveReload server is running on port 35729
2022-05-18_12-58-36 [restartedMain] INFO  o.s.b.a.e.web.EndpointLinksResolver - Exposing 2 endpoint(s) beneath base path '/actuator'
2022-05-18_12-58-36 [restartedMain] INFO  o.s.s.web.DefaultSecurityFilterChain - Will secure any request with [org.springframework.security.web.context.request.async.WebAsyncManagerIntegrationFilter@31b93fbc, org.springframework.security.web.context.SecurityContextPersistenceFilter@4dc88d0f, org.springframework.security.web.header.HeaderWriterFilter@74cd2ff3, org.springframework.security.web.authentication.logout.LogoutFilter@b29e433, com.cts.authorization.configuration.JwtRequestFilter@5d42845f, org.springframework.security.web.savedrequest.RequestCacheAwareFilter@201c869e, org.springframework.security.web.servletapi.SecurityContextHolderAwareRequestFilter@46c0cc2d, org.springframework.security.web.authentication.AnonymousAuthenticationFilter@29d171fc, org.springframework.security.web.session.SessionManagementFilter@21a3e78c, org.springframework.security.web.access.ExceptionTranslationFilter@42890ae1, org.springframework.security.web.access.intercept.FilterSecurityInterceptor@472ed814]
2022-05-18_12-58-36 [restartedMain] INFO  o.s.s.c.ThreadPoolTaskExecutor - Initializing ExecutorService 'applicationTaskExecutor'
2022-05-18_12-58-36 [restartedMain] INFO  o.a.coyote.http11.Http11NioProtocol - Starting ProtocolHandler ["http-nio-8104"]
2022-05-18_12-58-36 [restartedMain] INFO  o.s.b.w.e.tomcat.TomcatWebServer - Tomcat started on port(s): 8104 (http) with context path '/auth'
2022-05-18_12-58-36 [RMI TCP Connection(4)-127.0.0.1] INFO  o.a.c.c.C.[.[localhost].[/auth] - Initializing Spring DispatcherServlet 'dispatcherServlet'
2022-05-18_12-58-36 [RMI TCP Connection(4)-127.0.0.1] INFO  o.s.web.servlet.DispatcherServlet - Initializing Servlet 'dispatcherServlet'
2022-05-18_12-58-36 [RMI TCP Connection(4)-127.0.0.1] INFO  o.s.web.servlet.DispatcherServlet - Completed initialization in 6 ms
2022-05-18_12-58-36 [restartedMain] INFO  c.c.a.AuthorizationMicroserviceApplication - Started AuthorizationMicroserviceApplication in 15.036 seconds (JVM running for 16.568)
2022-05-18_12-58-36 [http-nio-8104-exec-7] INFO  c.c.a.service.JwtUserDetailsService - User found
2022-05-18_12-58-36 [http-nio-8104-exec-7] INFO  c.c.a.service.JwtUserDetailsService - user successfully located
2022-05-18_12-58-36 [http-nio-8104-exec-7] INFO  c.c.a.service.JwtUserDetailsService - User found
2022-05-18_12-58-36 [http-nio-8104-exec-7] INFO  c.c.a.service.JwtUserDetailsService - user successfully located
2022-05-18_12-58-36 [http-nio-8104-exec-1] INFO  c.c.a.service.JwtUserDetailsService - User found
2022-05-18_12-58-36 [http-nio-8104-exec-1] INFO  c.c.a.service.JwtUserDetailsService - user successfully located
2022-05-18_12-58-36 [http-nio-8104-exec-4] INFO  c.c.a.service.JwtUserDetailsService - User found
2022-05-18_12-58-36 [http-nio-8104-exec-4] INFO  c.c.a.service.JwtUserDetailsService - user successfully located
2022-05-18_12-58-36 [http-nio-8104-exec-8] INFO  c.c.a.service.JwtUserDetailsService - User found
2022-05-18_12-58-36 [http-nio-8104-exec-8] INFO  c.c.a.service.JwtUserDetailsService - user successfully located
2022-05-18_12-58-36 [http-nio-8104-exec-9] INFO  c.c.a.service.JwtUserDetailsService - User found
2022-05-18_12-58-36 [http-nio-8104-exec-9] INFO  c.c.a.service.JwtUserDetailsService - user successfully located
2022-05-18_12-58-36 [http-nio-8104-exec-2] INFO  c.c.a.service.JwtUserDetailsService - User found
2022-05-18_12-58-36 [http-nio-8104-exec-2] INFO  c.c.a.service.JwtUserDetailsService - user successfully located
2022-05-18_12-58-36 [http-nio-8104-exec-3] INFO  c.c.a.service.JwtUserDetailsService - User found
2022-05-18_12-58-36 [http-nio-8104-exec-3] INFO  c.c.a.service.JwtUserDetailsService - user successfully located
2022-05-18_12-58-36 [http-nio-8104-exec-7] INFO  c.c.a.service.JwtUserDetailsService - User found
2022-05-18_12-58-36 [http-nio-8104-exec-7] INFO  c.c.a.service.JwtUserDetailsService - user successfully located
2022-05-18_12-58-36 [http-nio-8104-exec-10] INFO  c.c.a.service.JwtUserDetailsService - User found
2022-05-18_12-58-36 [http-nio-8104-exec-10] INFO  c.c.a.service.JwtUserDetailsService - user successfully located
2022-05-18_12-58-36 [http-nio-8104-exec-1] INFO  c.c.a.service.JwtUserDetailsService - User found
2022-05-18_12-58-36 [http-nio-8104-exec-1] INFO  c.c.a.service.JwtUserDetailsService - user successfully located
2022-05-18_12-58-36 [http-nio-8104-exec-4] INFO  c.c.a.service.JwtUserDetailsService - User found
2022-05-18_12-58-36 [http-nio-8104-exec-4] INFO  c.c.a.service.JwtUserDetailsService - user successfully located
2022-05-18_12-58-36 [http-nio-8104-exec-5] INFO  c.c.a.service.JwtUserDetailsService - User found
2022-05-18_12-58-36 [http-nio-8104-exec-5] INFO  c.c.a.service.JwtUserDetailsService - user successfully located
2022-05-18_12-58-36 [http-nio-8104-exec-8] INFO  c.c.a.service.JwtUserDetailsService - User found
2022-05-18_12-58-36 [http-nio-8104-exec-8] INFO  c.c.a.service.JwtUserDetailsService - user successfully located
2022-05-18_12-58-36 [http-nio-8104-exec-9] INFO  c.c.a.service.JwtUserDetailsService - User found
2022-05-18_12-58-36 [http-nio-8104-exec-9] INFO  c.c.a.service.JwtUserDetailsService - user successfully located
2022-05-18_12-58-36 [http-nio-8104-exec-2] INFO  c.c.a.service.JwtUserDetailsService - User found
2022-05-18_12-58-36 [http-nio-8104-exec-2] INFO  c.c.a.service.JwtUserDetailsService - user successfully located
2022-05-18_12-58-36 [http-nio-8104-exec-3] INFO  c.c.a.service.JwtUserDetailsService - User found
2022-05-18_12-58-36 [http-nio-8104-exec-3] INFO  c.c.a.service.JwtUserDetailsService - user successfully located
2022-05-18_12-58-36 [http-nio-8104-exec-6] INFO  c.c.a.service.JwtUserDetailsService - User found
2022-05-18_12-58-36 [http-nio-8104-exec-6] INFO  c.c.a.service.JwtUserDetailsService - user successfully located
2022-05-18_12-58-36 [http-nio-8104-exec-7] INFO  c.c.a.service.JwtUserDetailsService - User found
2022-05-18_12-58-36 [http-nio-8104-exec-7] INFO  c.c.a.service.JwtUserDetailsService - user successfully located
2022-05-18_12-58-36 [http-nio-8104-exec-1] INFO  c.c.a.service.JwtUserDetailsService - User found
2022-05-18_12-58-36 [http-nio-8104-exec-1] INFO  c.c.a.service.JwtUserDetailsService - user successfully located
2022-05-18_12-58-36 [http-nio-8104-exec-4] INFO  c.c.a.service.JwtUserDetailsService - User found
2022-05-18_12-58-36 [http-nio-8104-exec-4] INFO  c.c.a.service.JwtUserDetailsService - user successfully located
2022-05-18_12-58-36 [http-nio-8104-exec-8] INFO  c.c.a.service.JwtUserDetailsService - User found
2022-05-18_12-58-36 [http-nio-8104-exec-8] INFO  c.c.a.service.JwtUserDetailsService - user successfully located
2022-05-18_12-58-36 [http-nio-8104-exec-9] INFO  c.c.a.service.JwtUserDetailsService - User found
2022-05-18_12-58-36 [http-nio-8104-exec-9] INFO  c.c.a.service.JwtUserDetailsService - user successfully located
2022-05-18_12-58-36 [http-nio-8104-exec-5] INFO  c.c.a.service.JwtUserDetailsService - User found
2022-05-18_12-58-36 [http-nio-8104-exec-5] INFO  c.c.a.service.JwtUserDetailsService - user successfully located
2022-05-18_12-58-36 [http-nio-8104-exec-5] INFO  c.c.a.service.JwtUserDetailsService - User found
2022-05-18_12-58-36 [http-nio-8104-exec-5] INFO  c.c.a.service.JwtUserDetailsService - user successfully located
2022-05-18_12-58-36 [http-nio-8104-exec-8] INFO  c.c.a.service.JwtUserDetailsService - User found
2022-05-18_12-58-36 [http-nio-8104-exec-8] INFO  c.c.a.service.JwtUserDetailsService - user successfully located
2022-05-18_12-58-36 [http-nio-8104-exec-9] INFO  c.c.a.service.JwtUserDetailsService - User found
2022-05-18_12-58-36 [http-nio-8104-exec-9] INFO  c.c.a.service.JwtUserDetailsService - user successfully located
2022-05-18_12-58-36 [http-nio-8104-exec-6] INFO  c.c.a.service.JwtUserDetailsService - User found
2022-05-18_12-58-36 [http-nio-8104-exec-6] INFO  c.c.a.service.JwtUserDetailsService - user successfully located
2022-05-18_12-58-36 [http-nio-8104-exec-10] INFO  c.c.a.service.JwtUserDetailsService - User found
2022-05-18_12-58-36 [http-nio-8104-exec-10] INFO  c.c.a.service.JwtUserDetailsService - user successfully located
2022-05-18_12-58-36 [http-nio-8104-exec-1] INFO  c.c.a.service.JwtUserDetailsService - User found
2022-05-18_12-58-36 [http-nio-8104-exec-1] INFO  c.c.a.service.JwtUserDetailsService - user successfully located
2022-05-18_12-58-36 [http-nio-8104-exec-4] INFO  c.c.a.service.JwtUserDetailsService - User found
2022-05-18_12-58-36 [http-nio-8104-exec-4] INFO  c.c.a.service.JwtUserDetailsService - user successfully located
2022-05-18_12-58-36 [http-nio-8104-exec-6] INFO  c.c.a.service.JwtUserDetailsService - User found
2022-05-18_12-58-36 [http-nio-8104-exec-6] INFO  c.c.a.service.JwtUserDetailsService - user successfully located
2022-05-18_12-58-36 [http-nio-8104-exec-6] INFO  c.c.a.service.JwtUserDetailsService - User found
2022-05-18_12-58-36 [http-nio-8104-exec-6] INFO  c.c.a.service.JwtUserDetailsService - user successfully located
2022-05-18_12-58-36 [http-nio-8104-exec-7] INFO  c.c.a.service.JwtUserDetailsService - User found
2022-05-18_12-58-36 [http-nio-8104-exec-7] INFO  c.c.a.service.JwtUserDetailsService - user successfully located
2022-05-18_12-58-36 [http-nio-8104-exec-10] INFO  c.c.a.service.JwtUserDetailsService - User found
2022-05-18_12-58-36 [http-nio-8104-exec-10] INFO  c.c.a.service.JwtUserDetailsService - user successfully located
2022-05-18_12-58-36 [http-nio-8104-exec-5] INFO  c.c.a.service.JwtUserDetailsService - User found
2022-05-18_12-58-36 [http-nio-8104-exec-5] INFO  c.c.a.service.JwtUserDetailsService - user successfully located
2022-05-18_12-58-36 [http-nio-8104-exec-8] INFO  c.c.a.service.JwtUserDetailsService - User found
2022-05-18_12-58-36 [http-nio-8104-exec-8] INFO  c.c.a.service.JwtUserDetailsService - user successfully located
2022-05-18_12-58-36 [http-nio-8104-exec-9] INFO  c.c.a.service.JwtUserDetailsService - User found
2022-05-18_12-58-36 [http-nio-8104-exec-9] INFO  c.c.a.service.JwtUserDetailsService - user successfully located
2022-05-18_12-58-36 [http-nio-8104-exec-2] INFO  c.c.a.service.JwtUserDetailsService - User found
2022-05-18_12-58-36 [http-nio-8104-exec-2] INFO  c.c.a.service.JwtUserDetailsService - user successfully located
2022-05-18_12-58-36 [http-nio-8104-exec-6] INFO  c.c.a.service.JwtUserDetailsService - User found
2022-05-18_12-58-36 [http-nio-8104-exec-6] INFO  c.c.a.service.JwtUserDetailsService - user successfully located
2022-05-18_12-58-36 [http-nio-8104-exec-7] INFO  c.c.a.service.JwtUserDetailsService - User found
2022-05-18_12-58-36 [http-nio-8104-exec-7] INFO  c.c.a.service.JwtUserDetailsService - user successfully located
2022-05-18_12-58-36 [http-nio-8104-exec-10] INFO  c.c.a.service.JwtUserDetailsService - User found
2022-05-18_12-58-36 [http-nio-8104-exec-10] INFO  c.c.a.service.JwtUserDetailsService - user successfully located
2022-05-18_12-58-36 [http-nio-8104-exec-1] INFO  c.c.a.service.JwtUserDetailsService - User found
2022-05-18_12-58-36 [http-nio-8104-exec-1] INFO  c.c.a.service.JwtUserDetailsService - user successfully located
2022-05-18_12-58-36 [http-nio-8104-exec-4] INFO  c.c.a.service.JwtUserDetailsService - User found
2022-05-18_12-58-36 [http-nio-8104-exec-4] INFO  c.c.a.service.JwtUserDetailsService - user successfully located
2022-05-18_12-58-36 [http-nio-8104-exec-5] INFO  c.c.a.service.JwtUserDetailsService - User found
2022-05-18_12-58-36 [http-nio-8104-exec-5] INFO  c.c.a.service.JwtUserDetailsService - user successfully located
2022-05-18_12-58-36 [http-nio-8104-exec-8] INFO  c.c.a.service.JwtUserDetailsService - User found
2022-05-18_12-58-36 [http-nio-8104-exec-8] INFO  c.c.a.service.JwtUserDetailsService - user successfully located
2022-05-18_12-58-36 [http-nio-8104-exec-9] INFO  c.c.a.service.JwtUserDetailsService - User found
2022-05-18_12-58-36 [http-nio-8104-exec-9] INFO  c.c.a.service.JwtUserDetailsService - user successfully located
2022-05-18_12-58-36 [http-nio-8104-exec-2] INFO  c.c.a.service.JwtUserDetailsService - User found
2022-05-18_12-58-36 [http-nio-8104-exec-2] INFO  c.c.a.service.JwtUserDetailsService - user successfully located
2022-05-18_12-58-36 [http-nio-8104-exec-3] INFO  c.c.a.service.JwtUserDetailsService - User found
2022-05-18_12-58-36 [http-nio-8104-exec-3] INFO  c.c.a.service.JwtUserDetailsService - user successfully located
2022-05-18_12-58-36 [http-nio-8104-exec-6] INFO  c.c.a.service.JwtUserDetailsService - User found
2022-05-18_12-58-36 [http-nio-8104-exec-6] INFO  c.c.a.service.JwtUserDetailsService - user successfully located
2022-05-18_12-58-36 [http-nio-8104-exec-7] INFO  c.c.a.service.JwtUserDetailsService - User found
2022-05-18_12-58-36 [http-nio-8104-exec-7] INFO  c.c.a.service.JwtUserDetailsService - user successfully located
2022-05-18_12-58-36 [http-nio-8104-exec-10] INFO  c.c.a.service.JwtUserDetailsService - User found
2022-05-18_12-58-36 [http-nio-8104-exec-10] INFO  c.c.a.service.JwtUserDetailsService - user successfully located
2022-05-18_12-58-36 [http-nio-8104-exec-1] INFO  c.c.a.service.JwtUserDetailsService - User found
2022-05-18_12-58-36 [http-nio-8104-exec-1] INFO  c.c.a.service.JwtUserDetailsService - user successfully located
2022-05-18_12-58-36 [http-nio-8104-exec-9] INFO  c.c.a.service.JwtUserDetailsService - User found
2022-05-18_12-58-36 [http-nio-8104-exec-9] INFO  c.c.a.service.JwtUserDetailsService - user successfully located
2022-05-18_12-58-36 [http-nio-8104-exec-2] INFO  c.c.a.service.JwtUserDetailsService - User found
2022-05-18_12-58-36 [http-nio-8104-exec-2] INFO  c.c.a.service.JwtUserDetailsService - user successfully located
2022-05-18_12-58-36 [http-nio-8104-exec-7] INFO  c.c.a.service.JwtUserDetailsService - User found
2022-05-18_12-58-36 [http-nio-8104-exec-7] INFO  c.c.a.service.JwtUserDetailsService - user successfully located
2022-05-18_12-58-36 [http-nio-8104-exec-10] INFO  c.c.a.service.JwtUserDetailsService - User found
2022-05-18_12-58-36 [http-nio-8104-exec-10] INFO  c.c.a.service.JwtUserDetailsService - user successfully located
2022-05-18_12-58-36 [http-nio-8104-exec-1] INFO  c.c.a.service.JwtUserDetailsService - User found
2022-05-18_12-58-36 [http-nio-8104-exec-1] INFO  c.c.a.service.JwtUserDetailsService - user successfully located
2022-05-18_12-58-36 [http-nio-8104-exec-4] INFO  c.c.a.service.JwtUserDetailsService - User found
2022-05-18_12-58-36 [http-nio-8104-exec-4] INFO  c.c.a.service.JwtUserDetailsService - user successfully located
2022-05-18_12-58-36 [http-nio-8104-exec-5] INFO  c.c.a.service.JwtUserDetailsService - User found
2022-05-18_12-58-36 [http-nio-8104-exec-5] INFO  c.c.a.service.JwtUserDetailsService - user successfully located
2022-05-18_12-58-36 [http-nio-8104-exec-5] INFO  c.c.a.service.JwtUserDetailsService - User found
2022-05-18_12-58-36 [http-nio-8104-exec-5] INFO  c.c.a.service.JwtUserDetailsService - user successfully located
2022-05-18_12-58-36 [http-nio-8104-exec-8] INFO  c.c.a.service.JwtUserDetailsService - User found
2022-05-18_12-58-36 [http-nio-8104-exec-8] INFO  c.c.a.service.JwtUserDetailsService - user successfully located
2022-05-18_12-58-36 [http-nio-8104-exec-9] INFO  c.c.a.service.JwtUserDetailsService - User found
2022-05-18_12-58-36 [http-nio-8104-exec-9] INFO  c.c.a.service.JwtUserDetailsService - user successfully located
2022-05-18_12-58-36 [http-nio-8104-exec-2] INFO  c.c.a.service.JwtUserDetailsService - User found
2022-05-18_12-58-36 [http-nio-8104-exec-2] INFO  c.c.a.service.JwtUserDetailsService - user successfully located
2022-05-18_12-58-36 [http-nio-8104-exec-6] INFO  c.c.a.service.JwtUserDetailsService - User found
2022-05-18_12-58-36 [http-nio-8104-exec-6] INFO  c.c.a.service.JwtUserDetailsService - user successfully located
2022-05-18_12-58-36 [http-nio-8104-exec-3] INFO  c.c.a.service.JwtUserDetailsService - User found
2022-05-18_12-58-36 [http-nio-8104-exec-3] INFO  c.c.a.service.JwtUserDetailsService - user successfully located
2022-05-18_12-58-36 [http-nio-8104-exec-7] INFO  c.c.a.service.JwtUserDetailsService - User found
2022-05-18_12-58-36 [http-nio-8104-exec-7] INFO  c.c.a.service.JwtUserDetailsService - user successfully located
2022-05-18_12-58-36 [http-nio-8104-exec-4] INFO  c.c.a.service.JwtUserDetailsService - User found
2022-05-18_12-58-36 [http-nio-8104-exec-4] INFO  c.c.a.service.JwtUserDetailsService - user successfully located
2022-05-18_12-58-36 [http-nio-8104-exec-5] INFO  c.c.a.service.JwtUserDetailsService - User found
2022-05-18_12-58-36 [http-nio-8104-exec-5] INFO  c.c.a.service.JwtUserDetailsService - user successfully located
2022-05-18_12-58-36 [http-nio-8104-exec-8] INFO  c.c.a.service.JwtUserDetailsService - User found
2022-05-18_12-58-36 [http-nio-8104-exec-8] INFO  c.c.a.service.JwtUserDetailsService - user successfully located
2022-05-18_12-58-36 [http-nio-8104-exec-9] INFO  c.c.a.service.JwtUserDetailsService - User found
2022-05-18_12-58-36 [http-nio-8104-exec-9] INFO  c.c.a.service.JwtUserDetailsService - user successfully located
2022-05-18_12-58-36 [http-nio-8104-exec-2] INFO  c.c.a.service.JwtUserDetailsService - User found
2022-05-18_12-58-36 [http-nio-8104-exec-2] INFO  c.c.a.service.JwtUserDetailsService - user successfully located
2022-05-18_12-58-36 [http-nio-8104-exec-6] INFO  c.c.a.service.JwtUserDetailsService - User found
2022-05-18_12-58-36 [http-nio-8104-exec-6] INFO  c.c.a.service.JwtUserDetailsService - user successfully located
2022-05-18_12-58-36 [http-nio-8104-exec-3] INFO  c.c.a.service.JwtUserDetailsService - User found
2022-05-18_12-58-36 [http-nio-8104-exec-3] INFO  c.c.a.service.JwtUserDetailsService - user successfully located
2022-05-18_12-58-36 [http-nio-8104-exec-7] INFO  c.c.a.service.JwtUserDetailsService - User found
2022-05-18_12-58-36 [http-nio-8104-exec-7] INFO  c.c.a.service.JwtUserDetailsService - user successfully located
2022-05-18_12-58-36 [http-nio-8104-exec-4] INFO  c.c.a.service.JwtUserDetailsService - User found
2022-05-18_12-58-36 [http-nio-8104-exec-4] INFO  c.c.a.service.JwtUserDetailsService - user successfully located
2022-05-18_12-58-36 [http-nio-8104-exec-5] INFO  c.c.a.service.JwtUserDetailsService - User found
2022-05-18_12-58-36 [http-nio-8104-exec-5] INFO  c.c.a.service.JwtUserDetailsService - user successfully located
2022-05-18_12-58-36 [http-nio-8104-exec-8] INFO  c.c.a.service.JwtUserDetailsService - User found
2022-05-18_12-58-36 [http-nio-8104-exec-8] INFO  c.c.a.service.JwtUserDetailsService - user successfully located
2022-05-18_12-58-36 [http-nio-8104-exec-9] INFO  c.c.a.service.JwtUserDetailsService - User found
2022-05-18_12-58-36 [http-nio-8104-exec-9] INFO  c.c.a.service.JwtUserDetailsService - user successfully located
2022-05-18_12-58-36 [http-nio-8104-exec-3] INFO  c.c.a.service.JwtUserDetailsService - User found
2022-05-18_12-58-36 [http-nio-8104-exec-3] INFO  c.c.a.service.JwtUserDetailsService - user successfully located
2022-05-18_12-58-36 [http-nio-8104-exec-7] INFO  c.c.a.service.JwtUserDetailsService - User found
2022-05-18_12-58-36 [http-nio-8104-exec-7] INFO  c.c.a.service.JwtUserDetailsService - user successfully located
2022-05-18_12-58-36 [http-nio-8104-exec-10] INFO  c.c.a.service.JwtUserDetailsService - User found
2022-05-18_12-58-36 [http-nio-8104-exec-10] INFO  c.c.a.service.JwtUserDetailsService - user successfully located
2022-05-18_12-58-36 [http-nio-8104-exec-1] INFO  c.c.a.service.JwtUserDetailsService - User found
2022-05-18_12-58-36 [http-nio-8104-exec-1] INFO  c.c.a.service.JwtUserDetailsService - user successfully located
2022-05-18_12-58-36 [http-nio-8104-exec-4] INFO  c.c.a.service.JwtUserDetailsService - User found
2022-05-18_12-58-36 [http-nio-8104-exec-4] INFO  c.c.a.service.JwtUserDetailsService - user successfully located
2022-05-18_12-58-36 [http-nio-8104-exec-5] INFO  c.c.a.service.JwtUserDetailsService - User found
2022-05-18_12-58-36 [http-nio-8104-exec-5] INFO  c.c.a.service.JwtUserDetailsService - user successfully located
2022-05-18_12-58-36 [http-nio-8104-exec-9] INFO  c.c.a.service.JwtUserDetailsService - User found
2022-05-18_12-58-36 [http-nio-8104-exec-9] INFO  c.c.a.service.JwtUserDetailsService - user successfully located
2022-05-18_12-58-36 [http-nio-8104-exec-2] INFO  c.c.a.service.JwtUserDetailsService - User found
2022-05-18_12-58-36 [http-nio-8104-exec-2] INFO  c.c.a.service.JwtUserDetailsService - user successfully located
2022-05-18_12-58-36 [http-nio-8104-exec-6] INFO  c.c.a.service.JwtUserDetailsService - User found
2022-05-18_12-58-36 [http-nio-8104-exec-6] INFO  c.c.a.service.JwtUserDetailsService - user successfully located
2022-05-18_12-58-36 [http-nio-8104-exec-3] INFO  c.c.a.service.JwtUserDetailsService - User found
2022-05-18_12-58-36 [http-nio-8104-exec-3] INFO  c.c.a.service.JwtUserDetailsService - user successfully located
2022-05-18_12-58-36 [http-nio-8104-exec-7] INFO  c.c.a.service.JwtUserDetailsService - User found
2022-05-18_12-58-36 [http-nio-8104-exec-7] INFO  c.c.a.service.JwtUserDetailsService - user successfully located
2022-05-18_12-58-36 [http-nio-8104-exec-10] INFO  c.c.a.service.JwtUserDetailsService - User found
2022-05-18_12-58-36 [http-nio-8104-exec-10] INFO  c.c.a.service.JwtUserDetailsService - user successfully located
2022-05-18_12-58-36 [http-nio-8104-exec-5] INFO  c.c.a.service.JwtUserDetailsService - User found
2022-05-18_12-58-36 [http-nio-8104-exec-5] INFO  c.c.a.service.JwtUserDetailsService - user successfully located
2022-05-18_12-58-36 [http-nio-8104-exec-8] INFO  c.c.a.service.JwtUserDetailsService - User found
2022-05-18_12-58-36 [http-nio-8104-exec-8] INFO  c.c.a.service.JwtUserDetailsService - user successfully located
2022-05-18_12-58-36 [http-nio-8104-exec-9] INFO  c.c.a.service.JwtUserDetailsService - User found
2022-05-18_12-58-36 [http-nio-8104-exec-9] INFO  c.c.a.service.JwtUserDetailsService - user successfully located
2022-05-18_12-58-36 [http-nio-8104-exec-10] INFO  c.c.a.service.JwtUserDetailsService - User found
2022-05-18_12-58-36 [http-nio-8104-exec-10] INFO  c.c.a.service.JwtUserDetailsService - user successfully located
2022-05-18_12-58-36 [http-nio-8104-exec-10] INFO  c.c.a.service.JwtUserDetailsService - User found
2022-05-18_12-58-36 [http-nio-8104-exec-10] INFO  c.c.a.service.JwtUserDetailsService - user successfully located
2022-05-18_12-58-36 [http-nio-8104-exec-4] INFO  c.c.a.service.JwtUserDetailsService - User found
2022-05-18_12-58-36 [http-nio-8104-exec-4] INFO  c.c.a.service.JwtUserDetailsService - user successfully located
2022-05-18_12-58-36 [http-nio-8104-exec-5] INFO  c.c.a.service.JwtUserDetailsService - User found
2022-05-18_12-58-36 [http-nio-8104-exec-5] INFO  c.c.a.service.JwtUserDetailsService - user successfully located
2022-05-18_12-58-36 [http-nio-8104-exec-8] INFO  c.c.a.service.JwtUserDetailsService - User found
2022-05-18_12-58-36 [http-nio-8104-exec-8] INFO  c.c.a.service.JwtUserDetailsService - user successfully located
2022-05-18_12-58-36 [http-nio-8104-exec-9] INFO  c.c.a.service.JwtUserDetailsService - User found
2022-05-18_12-58-36 [http-nio-8104-exec-9] INFO  c.c.a.service.JwtUserDetailsService - user successfully located
2022-05-18_12-58-36 [http-nio-8104-exec-2] INFO  c.c.a.service.JwtUserDetailsService - User found
2022-05-18_12-58-36 [http-nio-8104-exec-2] INFO  c.c.a.service.JwtUserDetailsService - user successfully located
2022-05-18_12-58-36 [http-nio-8104-exec-6] INFO  c.c.a.service.JwtUserDetailsService - User found
2022-05-18_12-58-36 [http-nio-8104-exec-6] INFO  c.c.a.service.JwtUserDetailsService - user successfully located
2022-05-18_12-58-36 [http-nio-8104-exec-10] INFO  c.c.a.service.JwtUserDetailsService - User found
2022-05-18_12-58-36 [http-nio-8104-exec-10] INFO  c.c.a.service.JwtUserDetailsService - user successfully located
2022-05-18_12-58-36 [http-nio-8104-exec-1] INFO  c.c.a.service.JwtUserDetailsService - User found
2022-05-18_12-58-36 [http-nio-8104-exec-1] INFO  c.c.a.service.JwtUserDetailsService - user successfully located
2022-05-18_12-58-36 [http-nio-8104-exec-4] INFO  c.c.a.service.JwtUserDetailsService - User found
2022-05-18_12-58-36 [http-nio-8104-exec-4] INFO  c.c.a.service.JwtUserDetailsService - user successfully located
2022-05-18_12-58-36 [http-nio-8104-exec-4] INFO  c.c.a.service.JwtUserDetailsService - User found
2022-05-18_12-58-36 [http-nio-8104-exec-4] INFO  c.c.a.service.JwtUserDetailsService - user successfully located
2022-05-18_12-58-36 [http-nio-8104-exec-9] INFO  c.c.a.service.JwtUserDetailsService - User found
2022-05-18_12-58-36 [http-nio-8104-exec-9] INFO  c.c.a.service.JwtUserDetailsService - user successfully located
2022-05-18_12-58-36 [http-nio-8104-exec-2] INFO  c.c.a.service.JwtUserDetailsService - User found
2022-05-18_12-58-36 [http-nio-8104-exec-2] INFO  c.c.a.service.JwtUserDetailsService - user successfully located
2022-05-18_12-58-36 [http-nio-8104-exec-10] INFO  c.c.a.service.JwtUserDetailsService - User found
2022-05-18_12-58-36 [http-nio-8104-exec-10] INFO  c.c.a.service.JwtUserDetailsService - user successfully located
2022-05-18_12-58-36 [http-nio-8104-exec-1] INFO  c.c.a.service.JwtUserDetailsService - User found
2022-05-18_12-58-36 [http-nio-8104-exec-1] INFO  c.c.a.service.JwtUserDetailsService - user successfully located
2022-05-18_12-58-36 [http-nio-8104-exec-8] INFO  c.c.a.service.JwtUserDetailsService - User found
2022-05-18_12-58-36 [http-nio-8104-exec-8] INFO  c.c.a.service.JwtUserDetailsService - user successfully located
2022-05-18_12-58-36 [http-nio-8104-exec-8] INFO  c.c.a.service.JwtUserDetailsService - User found
2022-05-18_12-58-36 [http-nio-8104-exec-8] INFO  c.c.a.service.JwtUserDetailsService - user successfully located
2022-05-18_12-58-36 [http-nio-8104-exec-9] INFO  c.c.a.service.JwtUserDetailsService - User found
2022-05-18_12-58-36 [http-nio-8104-exec-9] INFO  c.c.a.service.JwtUserDetailsService - user successfully located
2022-05-18_12-58-36 [http-nio-8104-exec-2] INFO  c.c.a.service.JwtUserDetailsService - User found
2022-05-18_12-58-36 [http-nio-8104-exec-2] INFO  c.c.a.service.JwtUserDetailsService - user successfully located
2022-05-18_12-58-36 [http-nio-8104-exec-10] INFO  c.c.a.service.JwtUserDetailsService - User found
2022-05-18_12-58-36 [http-nio-8104-exec-10] INFO  c.c.a.service.JwtUserDetailsService - user successfully located
2022-05-18_12-58-36 [http-nio-8104-exec-1] INFO  c.c.a.service.JwtUserDetailsService - User found
2022-05-18_12-58-36 [http-nio-8104-exec-1] INFO  c.c.a.service.JwtUserDetailsService - user successfully located
2022-05-18_12-58-36 [http-nio-8104-exec-8] INFO  c.c.a.service.JwtUserDetailsService - User found
2022-05-18_12-58-36 [http-nio-8104-exec-8] INFO  c.c.a.service.JwtUserDetailsService - user successfully located
2022-05-18_12-58-36 [http-nio-8104-exec-9] INFO  c.c.a.service.JwtUserDetailsService - User found
2022-05-18_12-58-36 [http-nio-8104-exec-9] INFO  c.c.a.service.JwtUserDetailsService - user successfully located
2022-05-18_12-58-36 [http-nio-8104-exec-2] INFO  c.c.a.service.JwtUserDetailsService - User found
2022-05-18_12-58-36 [http-nio-8104-exec-2] INFO  c.c.a.service.JwtUserDetailsService - user successfully located
2022-05-18_12-58-36 [http-nio-8104-exec-6] INFO  c.c.a.service.JwtUserDetailsService - User found
2022-05-18_12-58-36 [http-nio-8104-exec-6] INFO  c.c.a.service.JwtUserDetailsService - user successfully located
2022-05-18_12-58-36 [http-nio-8104-exec-3] INFO  c.c.a.service.JwtUserDetailsService - User found
2022-05-18_12-58-36 [http-nio-8104-exec-3] INFO  c.c.a.service.JwtUserDetailsService - user successfully located
2022-05-18_12-58-36 [http-nio-8104-exec-7] INFO  c.c.a.service.JwtUserDetailsService - User found
2022-05-18_12-58-36 [http-nio-8104-exec-7] INFO  c.c.a.service.JwtUserDetailsService - user successfully located
2022-05-18_12-58-36 [http-nio-8104-exec-10] INFO  c.c.a.service.JwtUserDetailsService - User found
2022-05-18_12-58-36 [http-nio-8104-exec-10] INFO  c.c.a.service.JwtUserDetailsService - user successfully located
2022-05-18_12-58-36 [http-nio-8104-exec-1] INFO  c.c.a.service.JwtUserDetailsService - User found
2022-05-18_12-58-36 [http-nio-8104-exec-1] INFO  c.c.a.service.JwtUserDetailsService - user successfully located
2022-05-18_12-58-36 [http-nio-8104-exec-5] INFO  c.c.a.service.JwtUserDetailsService - User found
2022-05-18_12-58-36 [http-nio-8104-exec-5] INFO  c.c.a.service.JwtUserDetailsService - user successfully located
2022-05-18_12-58-36 [http-nio-8104-exec-8] INFO  c.c.a.service.JwtUserDetailsService - User found
2022-05-18_12-58-36 [http-nio-8104-exec-8] INFO  c.c.a.service.JwtUserDetailsService - user successfully located
2022-05-18_12-58-36 [http-nio-8104-exec-9] INFO  c.c.a.service.JwtUserDetailsService - User found
2022-05-18_12-58-36 [http-nio-8104-exec-9] INFO  c.c.a.service.JwtUserDetailsService - user successfully located
2022-05-18_12-58-36 [http-nio-8104-exec-2] INFO  c.c.a.service.JwtUserDetailsService - User found
2022-05-18_12-58-36 [http-nio-8104-exec-2] INFO  c.c.a.service.JwtUserDetailsService - user successfully located
2022-05-18_12-58-36 [http-nio-8104-exec-4] INFO  c.c.a.service.JwtUserDetailsService - User found
2022-05-18_12-58-36 [http-nio-8104-exec-4] INFO  c.c.a.service.JwtUserDetailsService - user successfully located
2022-05-18_12-58-36 [http-nio-8104-exec-4] INFO  c.c.a.service.JwtUserDetailsService - User found
2022-05-18_12-58-36 [http-nio-8104-exec-4] INFO  c.c.a.service.JwtUserDetailsService - user successfully located
2022-05-18_12-58-36 [http-nio-8104-exec-5] INFO  c.c.a.service.JwtUserDetailsService - User found
2022-05-18_12-58-36 [http-nio-8104-exec-5] INFO  c.c.a.service.JwtUserDetailsService - user successfully located
2022-05-18_12-58-36 [http-nio-8104-exec-8] INFO  c.c.a.service.JwtUserDetailsService - User found
2022-05-18_12-58-36 [http-nio-8104-exec-8] INFO  c.c.a.service.JwtUserDetailsService - user successfully located
2022-05-18_12-58-36 [http-nio-8104-exec-9] INFO  c.c.a.service.JwtUserDetailsService - User found
2022-05-18_12-58-36 [http-nio-8104-exec-9] INFO  c.c.a.service.JwtUserDetailsService - user successfully located
2022-05-18_12-58-36 [http-nio-8104-exec-2] INFO  c.c.a.service.JwtUserDetailsService - User found
2022-05-18_12-58-36 [http-nio-8104-exec-2] INFO  c.c.a.service.JwtUserDetailsService - user successfully located
2022-05-18_12-58-36 [http-nio-8104-exec-6] INFO  c.c.a.service.JwtUserDetailsService - User found
2022-05-18_12-58-36 [http-nio-8104-exec-6] INFO  c.c.a.service.JwtUserDetailsService - user successfully located
2022-05-18_12-58-36 [http-nio-8104-exec-3] INFO  c.c.a.service.JwtUserDetailsService - User found
2022-05-18_12-58-36 [http-nio-8104-exec-3] INFO  c.c.a.service.JwtUserDetailsService - user successfully located
2022-05-18_12-58-36 [http-nio-8104-exec-7] INFO  c.c.a.service.JwtUserDetailsService - User found
2022-05-18_12-58-36 [http-nio-8104-exec-7] INFO  c.c.a.service.JwtUserDetailsService - user successfully located
2022-05-18_12-58-36 [http-nio-8104-exec-10] INFO  c.c.a.service.JwtUserDetailsService - User found
2022-05-18_12-58-36 [http-nio-8104-exec-10] INFO  c.c.a.service.JwtUserDetailsService - user successfully located
2022-05-18_12-58-36 [http-nio-8104-exec-4] INFO  c.c.a.service.JwtUserDetailsService - User found
2022-05-18_12-58-36 [http-nio-8104-exec-4] INFO  c.c.a.service.JwtUserDetailsService - user successfully located
2022-05-18_12-58-36 [http-nio-8104-exec-5] INFO  c.c.a.service.JwtUserDetailsService - User found
2022-05-18_12-58-36 [http-nio-8104-exec-5] INFO  c.c.a.service.JwtUserDetailsService - user successfully located
2022-05-18_12-58-36 [http-nio-8104-exec-8] INFO  c.c.a.service.JwtUserDetailsService - User found
2022-05-18_12-58-36 [http-nio-8104-exec-8] INFO  c.c.a.service.JwtUserDetailsService - user successfully located
2022-05-18_12-58-36 [http-nio-8104-exec-9] INFO  c.c.a.service.JwtUserDetailsService - User found
2022-05-18_12-58-36 [http-nio-8104-exec-9] INFO  c.c.a.service.JwtUserDetailsService - user successfully located
2022-05-18_12-58-36 [http-nio-8104-exec-2] INFO  c.c.a.service.JwtUserDetailsService - User found
2022-05-18_12-58-36 [http-nio-8104-exec-2] INFO  c.c.a.service.JwtUserDetailsService - user successfully located
2022-05-18_12-58-36 [http-nio-8104-exec-3] INFO  c.c.a.service.JwtUserDetailsService - User found
2022-05-18_12-58-36 [http-nio-8104-exec-3] INFO  c.c.a.service.JwtUserDetailsService - user successfully located
2022-05-18_12-58-36 [http-nio-8104-exec-5] INFO  c.c.a.service.JwtUserDetailsService - User found
2022-05-18_12-58-36 [http-nio-8104-exec-5] INFO  c.c.a.service.JwtUserDetailsService - user successfully located
2022-05-18_12-58-36 [http-nio-8104-exec-8] INFO  c.c.a.service.JwtUserDetailsService - User found
2022-05-18_12-58-36 [http-nio-8104-exec-8] INFO  c.c.a.service.JwtUserDetailsService - user successfully located
2022-05-18_12-58-36 [http-nio-8104-exec-9] INFO  c.c.a.service.JwtUserDetailsService - User found
2022-05-18_12-58-36 [http-nio-8104-exec-9] INFO  c.c.a.service.JwtUserDetailsService - user successfully located
2022-05-18_12-58-36 [http-nio-8104-exec-2] INFO  c.c.a.service.JwtUserDetailsService - User found
2022-05-18_12-58-36 [http-nio-8104-exec-2] INFO  c.c.a.service.JwtUserDetailsService - user successfully located
2022-05-18_12-58-36 [http-nio-8104-exec-2] INFO  c.c.a.service.JwtUserDetailsService - User found
2022-05-18_12-58-36 [http-nio-8104-exec-2] INFO  c.c.a.service.JwtUserDetailsService - user successfully located
2022-05-18_12-58-36 [http-nio-8104-exec-3] INFO  c.c.a.service.JwtUserDetailsService - User found
2022-05-18_12-58-36 [http-nio-8104-exec-3] INFO  c.c.a.service.JwtUserDetailsService - user successfully located
2022-05-18_12-58-36 [http-nio-8104-exec-6] INFO  c.c.a.service.JwtUserDetailsService - User found
2022-05-18_12-58-36 [http-nio-8104-exec-6] INFO  c.c.a.service.JwtUserDetailsService - user successfully located
2022-05-18_12-58-36 [http-nio-8104-exec-7] INFO  c.c.a.service.JwtUserDetailsService - User found
2022-05-18_12-58-36 [http-nio-8104-exec-7] INFO  c.c.a.service.JwtUserDetailsService - user successfully located
2022-05-18_12-58-36 [http-nio-8104-exec-10] INFO  c.c.a.service.JwtUserDetailsService - User found
2022-05-18_12-58-36 [http-nio-8104-exec-10] INFO  c.c.a.service.JwtUserDetailsService - user successfully located
2022-05-18_12-58-36 [http-nio-8104-exec-1] INFO  c.c.a.service.JwtUserDetailsService - User found
2022-05-18_12-58-36 [http-nio-8104-exec-1] INFO  c.c.a.service.JwtUserDetailsService - user successfully located
2022-05-18_12-58-36 [http-nio-8104-exec-5] INFO  c.c.a.service.JwtUserDetailsService - User found
2022-05-18_12-58-36 [http-nio-8104-exec-5] INFO  c.c.a.service.JwtUserDetailsService - user successfully located
2022-05-18_12-58-36 [http-nio-8104-exec-8] INFO  c.c.a.service.JwtUserDetailsService - User found
2022-05-18_12-58-36 [http-nio-8104-exec-8] INFO  c.c.a.service.JwtUserDetailsService - user successfully located
2022-05-18_12-58-36 [http-nio-8104-exec-9] INFO  c.c.a.service.JwtUserDetailsService - User found
2022-05-18_12-58-36 [http-nio-8104-exec-9] INFO  c.c.a.service.JwtUserDetailsService - user successfully located
2022-05-18_12-58-36 [http-nio-8104-exec-2] INFO  c.c.a.service.JwtUserDetailsService - User found
2022-05-18_12-58-36 [http-nio-8104-exec-2] INFO  c.c.a.service.JwtUserDetailsService - user successfully located
2022-05-18_12-58-36 [http-nio-8104-exec-3] INFO  c.c.a.service.JwtUserDetailsService - User found
2022-05-18_12-58-36 [http-nio-8104-exec-3] INFO  c.c.a.service.JwtUserDetailsService - user successfully located
2022-05-18_12-58-36 [http-nio-8104-exec-6] INFO  c.c.a.service.JwtUserDetailsService - User found
2022-05-18_12-58-36 [http-nio-8104-exec-6] INFO  c.c.a.service.JwtUserDetailsService - user successfully located
2022-05-18_12-58-36 [http-nio-8104-exec-7] INFO  c.c.a.service.JwtUserDetailsService - User found
2022-05-18_12-58-36 [http-nio-8104-exec-7] INFO  c.c.a.service.JwtUserDetailsService - user successfully located
2022-05-18_12-58-36 [http-nio-8104-exec-10] INFO  c.c.a.service.JwtUserDetailsService - User found
2022-05-18_12-58-36 [http-nio-8104-exec-10] INFO  c.c.a.service.JwtUserDetailsService - user successfully located
2022-05-18_12-58-36 [http-nio-8104-exec-1] INFO  c.c.a.service.JwtUserDetailsService - User found
2022-05-18_12-58-36 [http-nio-8104-exec-1] INFO  c.c.a.service.JwtUserDetailsService - user successfully located
2022-05-18_12-58-36 [http-nio-8104-exec-4] INFO  c.c.a.service.JwtUserDetailsService - User found
2022-05-18_12-58-36 [http-nio-8104-exec-4] INFO  c.c.a.service.JwtUserDetailsService - user successfully located
2022-05-18_12-58-36 [http-nio-8104-exec-5] INFO  c.c.a.service.JwtUserDetailsService - User found
2022-05-18_12-58-36 [http-nio-8104-exec-5] INFO  c.c.a.service.JwtUserDetailsService - user successfully located
2022-05-18_12-58-36 [http-nio-8104-exec-8] INFO  c.c.a.service.JwtUserDetailsService - User found
2022-05-18_12-58-36 [http-nio-8104-exec-8] INFO  c.c.a.service.JwtUserDetailsService - user successfully located
2022-05-18_12-58-36 [http-nio-8104-exec-9] INFO  c.c.a.service.JwtUserDetailsService - User found
2022-05-18_12-58-36 [http-nio-8104-exec-9] INFO  c.c.a.service.JwtUserDetailsService - user successfully located
2022-05-18_12-58-36 [http-nio-8104-exec-2] INFO  c.c.a.service.JwtUserDetailsService - User found
2022-05-18_12-58-36 [http-nio-8104-exec-2] INFO  c.c.a.service.JwtUserDetailsService - user successfully located
2022-05-18_12-58-36 [http-nio-8104-exec-3] INFO  c.c.a.service.JwtUserDetailsService - User found
2022-05-18_12-58-36 [http-nio-8104-exec-3] INFO  c.c.a.service.JwtUserDetailsService - user successfully located
2022-05-18_12-58-36 [http-nio-8104-exec-6] INFO  c.c.a.service.JwtUserDetailsService - User found
2022-05-18_12-58-36 [http-nio-8104-exec-6] INFO  c.c.a.service.JwtUserDetailsService - user successfully located
2022-05-18_12-58-36 [http-nio-8104-exec-7] INFO  c.c.a.service.JwtUserDetailsService - User found
2022-05-18_12-58-36 [http-nio-8104-exec-7] INFO  c.c.a.service.JwtUserDetailsService - user successfully located
2022-05-18_12-58-36 [http-nio-8104-exec-10] INFO  c.c.a.service.JwtUserDetailsService - User found
2022-05-18_12-58-36 [http-nio-8104-exec-10] INFO  c.c.a.service.JwtUserDetailsService - user successfully located
2022-05-18_12-58-36 [http-nio-8104-exec-1] INFO  c.c.a.service.JwtUserDetailsService - User found
2022-05-18_12-58-36 [http-nio-8104-exec-1] INFO  c.c.a.service.JwtUserDetailsService - user successfully located
2022-05-18_12-58-36 [http-nio-8104-exec-4] INFO  c.c.a.service.JwtUserDetailsService - User found
2022-05-18_12-58-36 [http-nio-8104-exec-4] INFO  c.c.a.service.JwtUserDetailsService - user successfully located
2022-05-18_12-58-36 [http-nio-8104-exec-2] INFO  c.c.a.service.JwtUserDetailsService - User found
2022-05-18_12-58-36 [http-nio-8104-exec-2] INFO  c.c.a.service.JwtUserDetailsService - user successfully located
2022-05-18_12-58-36 [http-nio-8104-exec-6] INFO  c.c.a.service.JwtUserDetailsService - User found
2022-05-18_12-58-36 [http-nio-8104-exec-6] INFO  c.c.a.service.JwtUserDetailsService - user successfully located
2022-05-18_12-58-36 [http-nio-8104-exec-7] INFO  c.c.a.service.JwtUserDetailsService - User found
2022-05-18_12-58-36 [http-nio-8104-exec-7] INFO  c.c.a.service.JwtUserDetailsService - user successfully located
2022-05-18_12-58-36 [http-nio-8104-exec-4] INFO  c.c.a.service.JwtUserDetailsService - User found
2022-05-18_12-58-36 [http-nio-8104-exec-4] INFO  c.c.a.service.JwtUserDetailsService - user successfully located
2022-05-18_12-58-36 [http-nio-8104-exec-8] INFO  c.c.a.service.JwtUserDetailsService - User found
2022-05-18_12-58-36 [http-nio-8104-exec-8] INFO  c.c.a.service.JwtUserDetailsService - user successfully located
2022-05-18_12-58-36 [http-nio-8104-exec-5] INFO  c.c.a.service.JwtUserDetailsService - User found
2022-05-18_12-58-36 [http-nio-8104-exec-5] INFO  c.c.a.service.JwtUserDetailsService - user successfully located
2022-05-18_12-58-36 [http-nio-8104-exec-6] INFO  c.c.a.service.JwtUserDetailsService - User found
2022-05-18_12-58-36 [http-nio-8104-exec-6] INFO  c.c.a.service.JwtUserDetailsService - user successfully located
2022-05-18_12-58-36 [http-nio-8104-exec-7] INFO  c.c.a.service.JwtUserDetailsService - User found
2022-05-18_12-58-36 [http-nio-8104-exec-7] INFO  c.c.a.service.JwtUserDetailsService - user successfully located
2022-05-18_12-58-36 [http-nio-8104-exec-10] INFO  c.c.a.service.JwtUserDetailsService - User found
2022-05-18_12-58-36 [http-nio-8104-exec-10] INFO  c.c.a.service.JwtUserDetailsService - user successfully located
2022-05-18_12-58-36 [http-nio-8104-exec-1] INFO  c.c.a.service.JwtUserDetailsService - User found
2022-05-18_12-58-36 [http-nio-8104-exec-1] INFO  c.c.a.service.JwtUserDetailsService - user successfully located
2022-05-18_12-58-36 [http-nio-8104-exec-4] INFO  c.c.a.service.JwtUserDetailsService - User found
2022-05-18_12-58-36 [http-nio-8104-exec-4] INFO  c.c.a.service.JwtUserDetailsService - user successfully located
2022-05-18_12-58-36 [http-nio-8104-exec-8] INFO  c.c.a.service.JwtUserDetailsService - User found
2022-05-18_12-58-36 [http-nio-8104-exec-8] INFO  c.c.a.service.JwtUserDetailsService - user successfully located
2022-05-18_12-58-36 [http-nio-8104-exec-5] INFO  c.c.a.service.JwtUserDetailsService - User found
2022-05-18_12-58-36 [http-nio-8104-exec-5] INFO  c.c.a.service.JwtUserDetailsService - user successfully located
2022-05-18_12-58-36 [http-nio-8104-exec-9] INFO  c.c.a.service.JwtUserDetailsService - User found
2022-05-18_12-58-36 [http-nio-8104-exec-9] INFO  c.c.a.service.JwtUserDetailsService - user successfully located
2022-05-18_12-58-36 [http-nio-8104-exec-2] INFO  c.c.a.service.JwtUserDetailsService - User found
2022-05-18_12-58-36 [http-nio-8104-exec-2] INFO  c.c.a.service.JwtUserDetailsService - user successfully located
2022-05-18_12-58-36 [http-nio-8104-exec-3] INFO  c.c.a.service.JwtUserDetailsService - User found
2022-05-18_12-58-36 [http-nio-8104-exec-3] INFO  c.c.a.service.JwtUserDetailsService - user successfully located
2022-05-18_12-58-36 [http-nio-8104-exec-6] INFO  c.c.a.service.JwtUserDetailsService - User found
2022-05-18_12-58-36 [http-nio-8104-exec-6] INFO  c.c.a.service.JwtUserDetailsService - user successfully located
2022-05-18_12-58-36 [http-nio-8104-exec-7] INFO  c.c.a.service.JwtUserDetailsService - User found
2022-05-18_12-58-36 [http-nio-8104-exec-7] INFO  c.c.a.service.JwtUserDetailsService - user successfully located
2022-05-18_12-58-36 [http-nio-8104-exec-10] INFO  c.c.a.service.JwtUserDetailsService - User found
2022-05-18_12-58-36 [http-nio-8104-exec-10] INFO  c.c.a.service.JwtUserDetailsService - user successfully located
2022-05-18_12-58-36 [http-nio-8104-exec-1] INFO  c.c.a.service.JwtUserDetailsService - User found
2022-05-18_12-58-36 [http-nio-8104-exec-1] INFO  c.c.a.service.JwtUserDetailsService - user successfully located
2022-05-18_12-58-36 [http-nio-8104-exec-4] INFO  c.c.a.service.JwtUserDetailsService - User found
2022-05-18_12-58-36 [http-nio-8104-exec-4] INFO  c.c.a.service.JwtUserDetailsService - user successfully located
2022-05-18_12-58-36 [http-nio-8104-exec-8] INFO  c.c.a.service.JwtUserDetailsService - User found
2022-05-18_12-58-36 [http-nio-8104-exec-8] INFO  c.c.a.service.JwtUserDetailsService - user successfully located
2022-05-18_12-58-36 [http-nio-8104-exec-5] INFO  c.c.a.service.JwtUserDetailsService - User found
2022-05-18_12-58-36 [http-nio-8104-exec-5] INFO  c.c.a.service.JwtUserDetailsService - user successfully located
2022-05-18_12-58-36 [http-nio-8104-exec-9] INFO  c.c.a.service.JwtUserDetailsService - User found
2022-05-18_12-58-36 [http-nio-8104-exec-9] INFO  c.c.a.service.JwtUserDetailsService - user successfully located
2022-05-18_12-58-36 [http-nio-8104-exec-2] INFO  c.c.a.service.JwtUserDetailsService - User found
2022-05-18_12-58-36 [http-nio-8104-exec-2] INFO  c.c.a.service.JwtUserDetailsService - user successfully located
2022-05-18_12-58-36 [http-nio-8104-exec-3] INFO  c.c.a.service.JwtUserDetailsService - User found
2022-05-18_12-58-36 [http-nio-8104-exec-3] INFO  c.c.a.service.JwtUserDetailsService - user successfully located
2022-05-18_12-58-36 [http-nio-8104-exec-1] INFO  c.c.a.service.JwtUserDetailsService - User found
2022-05-18_12-58-36 [http-nio-8104-exec-1] INFO  c.c.a.service.JwtUserDetailsService - user successfully located
2022-05-18_12-58-36 [http-nio-8104-exec-4] INFO  c.c.a.service.JwtUserDetailsService - User found
2022-05-18_12-58-36 [http-nio-8104-exec-4] INFO  c.c.a.service.JwtUserDetailsService - user successfully located
2022-05-18_12-58-36 [http-nio-8104-exec-8] INFO  c.c.a.service.JwtUserDetailsService - User found
2022-05-18_12-58-36 [http-nio-8104-exec-8] INFO  c.c.a.service.JwtUserDetailsService - user successfully located
2022-05-18_12-58-36 [http-nio-8104-exec-5] INFO  c.c.a.service.JwtUserDetailsService - User found
2022-05-18_12-58-36 [http-nio-8104-exec-5] INFO  c.c.a.service.JwtUserDetailsService - user successfully located
2022-05-18_12-58-36 [http-nio-8104-exec-9] INFO  c.c.a.service.JwtUserDetailsService - User found
2022-05-18_12-58-36 [http-nio-8104-exec-9] INFO  c.c.a.service.JwtUserDetailsService - user successfully located
2022-05-18_12-58-36 [http-nio-8104-exec-2] INFO  c.c.a.service.JwtUserDetailsService - User found
2022-05-18_12-58-36 [http-nio-8104-exec-2] INFO  c.c.a.service.JwtUserDetailsService - user successfully located
2022-05-18_12-58-36 [http-nio-8104-exec-3] INFO  c.c.a.service.JwtUserDetailsService - User found
2022-05-18_12-58-36 [http-nio-8104-exec-3] INFO  c.c.a.service.JwtUserDetailsService - user successfully located
2022-05-18_12-58-36 [http-nio-8104-exec-7] INFO  c.c.a.service.JwtUserDetailsService - User found
2022-05-18_12-58-36 [http-nio-8104-exec-7] INFO  c.c.a.service.JwtUserDetailsService - user successfully located
2022-05-18_12-58-36 [http-nio-8104-exec-6] INFO  c.c.a.service.JwtUserDetailsService - User found
2022-05-18_12-58-36 [http-nio-8104-exec-6] INFO  c.c.a.service.JwtUserDetailsService - user successfully located
2022-05-18_12-58-36 [http-nio-8104-exec-10] INFO  c.c.a.service.JwtUserDetailsService - User found
2022-05-18_12-58-36 [http-nio-8104-exec-10] INFO  c.c.a.service.JwtUserDetailsService - user successfully located
2022-05-18_12-58-36 [http-nio-8104-exec-1] INFO  c.c.a.service.JwtUserDetailsService - User found
2022-05-18_12-58-36 [http-nio-8104-exec-1] INFO  c.c.a.service.JwtUserDetailsService - user successfully located
2022-05-18_12-58-36 [http-nio-8104-exec-9] INFO  c.c.a.service.JwtUserDetailsService - User found
2022-05-18_12-58-36 [http-nio-8104-exec-9] INFO  c.c.a.service.JwtUserDetailsService - user successfully located
2022-05-18_12-58-36 [http-nio-8104-exec-1] INFO  c.c.a.service.JwtUserDetailsService - User found
2022-05-18_12-58-36 [http-nio-8104-exec-1] INFO  c.c.a.service.JwtUserDetailsService - user successfully located
2022-05-18_12-58-36 [http-nio-8104-exec-1] INFO  c.c.a.service.JwtUserDetailsService - User found
2022-05-18_12-58-36 [http-nio-8104-exec-1] INFO  c.c.a.service.JwtUserDetailsService - user successfully located
2022-05-18_12-58-36 [http-nio-8104-exec-4] INFO  c.c.a.service.JwtUserDetailsService - User found
2022-05-18_12-58-36 [http-nio-8104-exec-4] INFO  c.c.a.service.JwtUserDetailsService - user successfully located
2022-05-18_12-58-36 [http-nio-8104-exec-8] INFO  c.c.a.service.JwtUserDetailsService - User found
2022-05-18_12-58-36 [http-nio-8104-exec-8] INFO  c.c.a.service.JwtUserDetailsService - user successfully located
2022-05-18_12-58-36 [http-nio-8104-exec-5] INFO  c.c.a.service.JwtUserDetailsService - User found
2022-05-18_12-58-36 [http-nio-8104-exec-5] INFO  c.c.a.service.JwtUserDetailsService - user successfully located
2022-05-18_12-58-36 [http-nio-8104-exec-5] INFO  c.c.a.service.JwtUserDetailsService - User found
2022-05-18_12-58-36 [http-nio-8104-exec-5] INFO  c.c.a.service.JwtUserDetailsService - user successfully located
2022-05-18_12-58-36 [http-nio-8104-exec-9] INFO  c.c.a.service.JwtUserDetailsService - User found
2022-05-18_12-58-36 [http-nio-8104-exec-9] INFO  c.c.a.service.JwtUserDetailsService - user successfully located
2022-05-18_12-58-36 [http-nio-8104-exec-2] INFO  c.c.a.service.JwtUserDetailsService - User found
2022-05-18_12-58-36 [http-nio-8104-exec-2] INFO  c.c.a.service.JwtUserDetailsService - user successfully located
2022-05-18_12-58-36 [http-nio-8104-exec-3] INFO  c.c.a.service.JwtUserDetailsService - User found
2022-05-18_12-58-36 [http-nio-8104-exec-3] INFO  c.c.a.service.JwtUserDetailsService - user successfully located
2022-05-18_12-58-36 [http-nio-8104-exec-7] INFO  c.c.a.service.JwtUserDetailsService - User found
2022-05-18_12-58-36 [http-nio-8104-exec-7] INFO  c.c.a.service.JwtUserDetailsService - user successfully located
2022-05-18_12-58-36 [http-nio-8104-exec-8] INFO  c.c.a.service.JwtUserDetailsService - User found
2022-05-18_12-58-36 [http-nio-8104-exec-8] INFO  c.c.a.service.JwtUserDetailsService - user successfully located
2022-05-18_12-58-36 [http-nio-8104-exec-8] INFO  c.c.a.service.JwtUserDetailsService - User found
2022-05-18_12-58-36 [http-nio-8104-exec-8] INFO  c.c.a.service.JwtUserDetailsService - user successfully located
2022-05-18_12-58-36 [http-nio-8104-exec-5] INFO  c.c.a.service.JwtUserDetailsService - User found
2022-05-18_12-58-36 [http-nio-8104-exec-5] INFO  c.c.a.service.JwtUserDetailsService - user successfully located
2022-05-18_12-58-36 [http-nio-8104-exec-9] INFO  c.c.a.service.JwtUserDetailsService - User found
2022-05-18_12-58-36 [http-nio-8104-exec-9] INFO  c.c.a.service.JwtUserDetailsService - user successfully located
2022-05-18_12-58-36 [http-nio-8104-exec-2] INFO  c.c.a.service.JwtUserDetailsService - User found
2022-05-18_12-58-36 [http-nio-8104-exec-2] INFO  c.c.a.service.JwtUserDetailsService - user successfully located
2022-05-18_12-58-36 [http-nio-8104-exec-3] INFO  c.c.a.service.JwtUserDetailsService - User found
2022-05-18_12-58-36 [http-nio-8104-exec-3] INFO  c.c.a.service.JwtUserDetailsService - user successfully located
2022-05-18_12-58-36 [http-nio-8104-exec-7] INFO  c.c.a.service.JwtUserDetailsService - User found
2022-05-18_12-58-36 [http-nio-8104-exec-7] INFO  c.c.a.service.JwtUserDetailsService - user successfully located
2022-05-18_12-58-36 [http-nio-8104-exec-8] INFO  c.c.a.service.JwtUserDetailsService - User found
2022-05-18_12-58-36 [http-nio-8104-exec-8] INFO  c.c.a.service.JwtUserDetailsService - user successfully located
2022-05-18_12-58-36 [http-nio-8104-exec-5] INFO  c.c.a.service.JwtUserDetailsService - User found
2022-05-18_12-58-36 [http-nio-8104-exec-5] INFO  c.c.a.service.JwtUserDetailsService - user successfully located
2022-05-18_12-58-36 [http-nio-8104-exec-9] INFO  c.c.a.service.JwtUserDetailsService - User found
2022-05-18_12-58-36 [http-nio-8104-exec-9] INFO  c.c.a.service.JwtUserDetailsService - user successfully located
2022-05-18_12-58-36 [http-nio-8104-exec-2] INFO  c.c.a.service.JwtUserDetailsService - User found
2022-05-18_12-58-36 [http-nio-8104-exec-2] INFO  c.c.a.service.JwtUserDetailsService - user successfully located
2022-05-18_12-58-36 [http-nio-8104-exec-3] INFO  c.c.a.service.JwtUserDetailsService - User found
2022-05-18_12-58-36 [http-nio-8104-exec-3] INFO  c.c.a.service.JwtUserDetailsService - user successfully located
2022-05-18_12-58-36 [http-nio-8104-exec-7] INFO  c.c.a.service.JwtUserDetailsService - User found
2022-05-18_12-58-36 [http-nio-8104-exec-7] INFO  c.c.a.service.JwtUserDetailsService - user successfully located
2022-05-18_12-58-36 [http-nio-8104-exec-6] INFO  c.c.a.service.JwtUserDetailsService - User found
2022-05-18_12-58-36 [http-nio-8104-exec-6] INFO  c.c.a.service.JwtUserDetailsService - user successfully located
2022-05-18_12-58-36 [http-nio-8104-exec-10] INFO  c.c.a.service.JwtUserDetailsService - User found
2022-05-18_12-58-36 [http-nio-8104-exec-10] INFO  c.c.a.service.JwtUserDetailsService - user successfully located
2022-05-18_12-58-36 [http-nio-8104-exec-1] INFO  c.c.a.service.JwtUserDetailsService - User found
2022-05-18_12-58-36 [http-nio-8104-exec-1] INFO  c.c.a.service.JwtUserDetailsService - user successfully located
2022-05-18_12-58-36 [http-nio-8104-exec-4] INFO  c.c.a.service.JwtUserDetailsService - User found
2022-05-18_12-58-36 [http-nio-8104-exec-4] INFO  c.c.a.service.JwtUserDetailsService - user successfully located
2022-05-18_12-58-36 [http-nio-8104-exec-8] INFO  c.c.a.service.JwtUserDetailsService - User found
2022-05-18_12-58-36 [http-nio-8104-exec-8] INFO  c.c.a.service.JwtUserDetailsService - user successfully located
2022-05-18_12-58-36 [http-nio-8104-exec-5] INFO  c.c.a.service.JwtUserDetailsService - User found
2022-05-18_12-58-36 [http-nio-8104-exec-5] INFO  c.c.a.service.JwtUserDetailsService - user successfully located
2022-05-18_12-58-36 [http-nio-8104-exec-7] INFO  c.c.a.service.JwtUserDetailsService - User found
2022-05-18_12-58-36 [http-nio-8104-exec-7] INFO  c.c.a.service.JwtUserDetailsService - user successfully located
2022-05-18_12-58-36 [http-nio-8104-exec-7] INFO  c.c.a.service.JwtUserDetailsService - User found
2022-05-18_12-58-36 [http-nio-8104-exec-7] INFO  c.c.a.service.JwtUserDetailsService - user successfully located
2022-05-18_12-58-36 [http-nio-8104-exec-6] INFO  c.c.a.service.JwtUserDetailsService - User found
2022-05-18_12-58-36 [http-nio-8104-exec-6] INFO  c.c.a.service.JwtUserDetailsService - user successfully located
2022-05-18_12-58-36 [http-nio-8104-exec-10] INFO  c.c.a.service.JwtUserDetailsService - User found
2022-05-18_12-58-36 [http-nio-8104-exec-10] INFO  c.c.a.service.JwtUserDetailsService - user successfully located
2022-05-18_12-58-36 [http-nio-8104-exec-1] INFO  c.c.a.service.JwtUserDetailsService - User found
2022-05-18_12-58-36 [http-nio-8104-exec-1] INFO  c.c.a.service.JwtUserDetailsService - user successfully located
2022-05-18_12-58-36 [http-nio-8104-exec-4] INFO  c.c.a.service.JwtUserDetailsService - User found
2022-05-18_12-58-36 [http-nio-8104-exec-4] INFO  c.c.a.service.JwtUserDetailsService - user successfully located
2022-05-18_12-58-36 [http-nio-8104-exec-8] INFO  c.c.a.service.JwtUserDetailsService - User found
2022-05-18_12-58-36 [http-nio-8104-exec-8] INFO  c.c.a.service.JwtUserDetailsService - user successfully located
2022-05-18_12-58-36 [http-nio-8104-exec-5] INFO  c.c.a.service.JwtUserDetailsService - User found
2022-05-18_12-58-36 [http-nio-8104-exec-5] INFO  c.c.a.service.JwtUserDetailsService - user successfully located
2022-05-18_12-58-36 [http-nio-8104-exec-9] INFO  c.c.a.service.JwtUserDetailsService - User found
2022-05-18_12-58-36 [http-nio-8104-exec-9] INFO  c.c.a.service.JwtUserDetailsService - user successfully located
2022-05-18_12-58-36 [http-nio-8104-exec-3] INFO  c.c.a.service.JwtUserDetailsService - User found
2022-05-18_12-58-36 [http-nio-8104-exec-3] INFO  c.c.a.service.JwtUserDetailsService - user successfully located
2022-05-18_12-58-36 [http-nio-8104-exec-2] INFO  c.c.a.service.JwtUserDetailsService - User found
2022-05-18_12-58-36 [http-nio-8104-exec-2] INFO  c.c.a.service.JwtUserDetailsService - user successfully located
2022-05-18_12-58-36 [http-nio-8104-exec-7] INFO  c.c.a.service.JwtUserDetailsService - User found
2022-05-18_12-58-36 [http-nio-8104-exec-7] INFO  c.c.a.service.JwtUserDetailsService - user successfully located
2022-05-18_12-58-36 [http-nio-8104-exec-10] INFO  c.c.a.service.JwtUserDetailsService - User found
2022-05-18_12-58-36 [http-nio-8104-exec-10] INFO  c.c.a.service.JwtUserDetailsService - user successfully located
2022-05-18_12-58-36 [http-nio-8104-exec-1] INFO  c.c.a.service.JwtUserDetailsService - User found
2022-05-18_12-58-36 [http-nio-8104-exec-1] INFO  c.c.a.service.JwtUserDetailsService - user successfully located
2022-05-18_12-58-36 [http-nio-8104-exec-4] INFO  c.c.a.service.JwtUserDetailsService - User found
2022-05-18_12-58-36 [http-nio-8104-exec-4] INFO  c.c.a.service.JwtUserDetailsService - user successfully located
2022-05-18_12-58-36 [http-nio-8104-exec-8] INFO  c.c.a.service.JwtUserDetailsService - User found
2022-05-18_12-58-36 [http-nio-8104-exec-8] INFO  c.c.a.service.JwtUserDetailsService - user successfully located
2022-05-18_12-58-36 [http-nio-8104-exec-5] INFO  c.c.a.service.JwtUserDetailsService - User found
2022-05-18_12-58-36 [http-nio-8104-exec-5] INFO  c.c.a.service.JwtUserDetailsService - user successfully located
2022-05-18_12-58-36 [http-nio-8104-exec-9] INFO  c.c.a.service.JwtUserDetailsService - User found
2022-05-18_12-58-36 [http-nio-8104-exec-9] INFO  c.c.a.service.JwtUserDetailsService - user successfully located
2022-05-18_12-58-36 [http-nio-8104-exec-3] INFO  c.c.a.service.JwtUserDetailsService - User found
2022-05-18_12-58-36 [http-nio-8104-exec-3] INFO  c.c.a.service.JwtUserDetailsService - user successfully located
2022-05-18_12-58-36 [http-nio-8104-exec-2] INFO  c.c.a.service.JwtUserDetailsService - User found
2022-05-18_12-58-36 [http-nio-8104-exec-2] INFO  c.c.a.service.JwtUserDetailsService - user successfully located
2022-05-18_12-58-36 [http-nio-8104-exec-7] INFO  c.c.a.service.JwtUserDetailsService - User found
2022-05-18_12-58-36 [http-nio-8104-exec-7] INFO  c.c.a.service.JwtUserDetailsService - user successfully located
2022-05-18_12-58-36 [http-nio-8104-exec-6] INFO  c.c.a.service.JwtUserDetailsService - User found
2022-05-18_12-58-36 [http-nio-8104-exec-6] INFO  c.c.a.service.JwtUserDetailsService - user successfully located
2022-05-18_12-58-36 [http-nio-8104-exec-10] INFO  c.c.a.service.JwtUserDetailsService - User found
2022-05-18_12-58-36 [http-nio-8104-exec-10] INFO  c.c.a.service.JwtUserDetailsService - user successfully located
2022-05-18_12-58-36 [http-nio-8104-exec-5] INFO  c.c.a.service.JwtUserDetailsService - User found
2022-05-18_12-58-36 [http-nio-8104-exec-5] INFO  c.c.a.service.JwtUserDetailsService - user successfully located
2022-05-18_12-58-36 [http-nio-8104-exec-9] INFO  c.c.a.service.JwtUserDetailsService - User found
2022-05-18_12-58-36 [http-nio-8104-exec-9] INFO  c.c.a.service.JwtUserDetailsService - user successfully located
2022-05-18_12-58-36 [http-nio-8104-exec-3] INFO  c.c.a.service.JwtUserDetailsService - User found
2022-05-18_12-58-36 [http-nio-8104-exec-3] INFO  c.c.a.service.JwtUserDetailsService - user successfully located
2022-05-18_12-58-36 [http-nio-8104-exec-2] INFO  c.c.a.service.JwtUserDetailsService - User found
2022-05-18_12-58-36 [http-nio-8104-exec-2] INFO  c.c.a.service.JwtUserDetailsService - user successfully located
2022-05-18_12-58-36 [http-nio-8104-exec-7] INFO  c.c.a.service.JwtUserDetailsService - User found
2022-05-18_12-58-36 [http-nio-8104-exec-7] INFO  c.c.a.service.JwtUserDetailsService - user successfully located
2022-05-18_12-58-36 [http-nio-8104-exec-6] INFO  c.c.a.service.JwtUserDetailsService - User found
2022-05-18_12-58-36 [http-nio-8104-exec-6] INFO  c.c.a.service.JwtUserDetailsService - user successfully located
2022-05-18_12-58-36 [http-nio-8104-exec-10] INFO  c.c.a.service.JwtUserDetailsService - User found
2022-05-18_12-58-36 [http-nio-8104-exec-10] INFO  c.c.a.service.JwtUserDetailsService - user successfully located
2022-05-18_12-58-36 [http-nio-8104-exec-1] INFO  c.c.a.service.JwtUserDetailsService - User found
2022-05-18_12-58-36 [http-nio-8104-exec-1] INFO  c.c.a.service.JwtUserDetailsService - user successfully located
2022-05-18_12-58-36 [http-nio-8104-exec-8] INFO  c.c.a.service.JwtUserDetailsService - User found
2022-05-18_12-58-36 [http-nio-8104-exec-8] INFO  c.c.a.service.JwtUserDetailsService - user successfully located
2022-05-18_12-58-36 [http-nio-8104-exec-4] INFO  c.c.a.service.JwtUserDetailsService - User found
2022-05-18_12-58-36 [http-nio-8104-exec-4] INFO  c.c.a.service.JwtUserDetailsService - user successfully located
2022-05-18_12-58-36 [http-nio-8104-exec-5] INFO  c.c.a.service.JwtUserDetailsService - User found
2022-05-18_12-58-36 [http-nio-8104-exec-5] INFO  c.c.a.service.JwtUserDetailsService - user successfully located
2022-05-18_12-58-36 [http-nio-8104-exec-9] INFO  c.c.a.service.JwtUserDetailsService - User found
2022-05-18_12-58-36 [http-nio-8104-exec-9] INFO  c.c.a.service.JwtUserDetailsService - user successfully located
2022-05-18_12-58-36 [http-nio-8104-exec-3] INFO  c.c.a.service.JwtUserDetailsService - User found
2022-05-18_12-58-36 [http-nio-8104-exec-3] INFO  c.c.a.service.JwtUserDetailsService - user successfully located
2022-05-18_12-58-36 [http-nio-8104-exec-2] INFO  c.c.a.service.JwtUserDetailsService - User found
2022-05-18_12-58-36 [http-nio-8104-exec-2] INFO  c.c.a.service.JwtUserDetailsService - user successfully located
2022-05-18_12-58-36 [http-nio-8104-exec-7] INFO  c.c.a.service.JwtUserDetailsService - User found
2022-05-18_12-58-36 [http-nio-8104-exec-7] INFO  c.c.a.service.JwtUserDetailsService - user successfully located
