2022-04-30_18-49-42 [restartedMain] INFO  c.c.a.AuthorizationMicroserviceApplication - Starting AuthorizationMicroserviceApplication using Java 1.8.0_181 on DESKTOP-PSR7GHJ with PID 18960 (C:\Users\HP\Downloads\Pension-Management-System-main\Pension-Management-System-main\Authorization-Microservice\target\classes started by HP in C:\Users\HP\Downloads\Pension-Management-System-main\Pension-Management-System-main\Authorization-Microservice)
2022-04-30_18-49-42 [restartedMain] INFO  c.c.a.AuthorizationMicroserviceApplication - No active profile set, falling back to default profiles: default
2022-04-30_18-49-42 [restartedMain] INFO  o.s.b.d.e.DevToolsPropertyDefaultsPostProcessor - Devtools property defaults active! Set 'spring.devtools.add-properties' to 'false' to disable
2022-04-30_18-49-42 [restartedMain] INFO  o.s.b.d.e.DevToolsPropertyDefaultsPostProcessor - For additional web related logging consider setting the 'logging.level.web' property to 'DEBUG'
2022-04-30_18-49-42 [restartedMain] INFO  o.s.d.r.c.RepositoryConfigurationDelegate - Bootstrapping Spring Data JPA repositories in DEFAULT mode.
2022-04-30_18-49-42 [restartedMain] INFO  o.s.d.r.c.RepositoryConfigurationDelegate - Finished Spring Data repository scanning in 248 ms. Found 1 JPA repository interfaces.
2022-04-30_18-49-42 [restartedMain] INFO  o.s.cloud.context.scope.GenericScope - BeanFactory id=9cfaff61-749d-3a21-a9ed-bc8d51a71c97
2022-04-30_18-49-42 [restartedMain] INFO  o.s.b.w.e.tomcat.TomcatWebServer - Tomcat initialized with port(s): 8400 (http)
2022-04-30_18-49-42 [restartedMain] INFO  o.a.coyote.http11.Http11NioProtocol - Initializing ProtocolHandler ["http-nio-8400"]
2022-04-30_18-49-42 [restartedMain] INFO  o.a.catalina.core.StandardService - Starting service [Tomcat]
2022-04-30_18-49-42 [restartedMain] INFO  o.a.catalina.core.StandardEngine - Starting Servlet engine: [Apache Tomcat/9.0.41]
2022-04-30_18-49-42 [restartedMain] INFO  o.a.c.c.C.[.[localhost].[/auth] - Initializing Spring embedded WebApplicationContext
2022-04-30_18-49-42 [restartedMain] INFO  o.s.b.w.s.c.ServletWebServerApplicationContext - Root WebApplicationContext: initialization completed in 7015 ms
2022-04-30_18-49-42 [restartedMain] INFO  com.zaxxer.hikari.HikariDataSource - HikariPool-1 - Starting...
2022-04-30_18-49-42 [restartedMain] INFO  com.zaxxer.hikari.HikariDataSource - HikariPool-1 - Start completed.
2022-04-30_18-49-42 [restartedMain] INFO  o.s.b.a.h.H2ConsoleAutoConfiguration - H2 console available at '/db'. Database available at 'jdbc:h2:mem:testdb'
2022-04-30_18-49-42 [restartedMain] INFO  o.h.jpa.internal.util.LogHelper - HHH000204: Processing PersistenceUnitInfo [name: default]
2022-04-30_18-49-42 [restartedMain] INFO  org.hibernate.Version - HHH000412: Hibernate ORM core version 5.4.27.Final
2022-04-30_18-49-42 [restartedMain] INFO  o.h.annotations.common.Version - HCANN000001: Hibernate Commons Annotations {5.1.2.Final}
2022-04-30_18-49-42 [restartedMain] INFO  org.hibernate.dialect.Dialect - HHH000400: Using dialect: org.hibernate.dialect.H2Dialect
2022-04-30_18-49-42 [restartedMain] INFO  o.h.e.t.j.p.i.JtaPlatformInitiator - HHH000490: Using JtaPlatform implementation: [org.hibernate.engine.transaction.jta.platform.internal.NoJtaPlatform]
2022-04-30_18-49-42 [restartedMain] INFO  o.s.o.j.LocalContainerEntityManagerFactoryBean - Initialized JPA EntityManagerFactory for persistence unit 'default'
2022-04-30_18-49-42 [restartedMain] INFO  o.s.b.a.e.web.EndpointLinksResolver - Exposing 2 endpoint(s) beneath base path '/actuator'
2022-04-30_18-49-42 [restartedMain] INFO  s.d.s.w.PropertySourcedRequestMappingHandlerMapping - Mapped URL path [/v2/api-docs] onto method [springfox.documentation.swagger2.web.Swagger2Controller#getDocumentation(String, HttpServletRequest)]
2022-04-30_18-49-42 [restartedMain] INFO  o.s.s.web.DefaultSecurityFilterChain - Will secure any request with [org.springframework.security.web.context.request.async.WebAsyncManagerIntegrationFilter@487310bb, org.springframework.security.web.context.SecurityContextPersistenceFilter@33b41435, org.springframework.security.web.header.HeaderWriterFilter@3ca2e2, org.springframework.security.web.authentication.logout.LogoutFilter@6c56ab18, com.cts.authorization.config.JwtRequestFilter@7664d116, org.springframework.security.web.savedrequest.RequestCacheAwareFilter@7e11c68e, org.springframework.security.web.servletapi.SecurityContextHolderAwareRequestFilter@6aa9e9ef, org.springframework.security.web.authentication.AnonymousAuthenticationFilter@59d9f810, org.springframework.security.web.session.SessionManagementFilter@32e20ace, org.springframework.security.web.access.ExceptionTranslationFilter@69e5f1a2, org.springframework.security.web.access.intercept.FilterSecurityInterceptor@d4ba586]
2022-04-30_18-49-42 [restartedMain] INFO  o.s.s.c.ThreadPoolTaskExecutor - Initializing ExecutorService 'applicationTaskExecutor'
2022-04-30_18-49-42 [restartedMain] INFO  o.a.coyote.http11.Http11NioProtocol - Starting ProtocolHandler ["http-nio-8400"]
2022-04-30_18-49-42 [restartedMain] INFO  o.s.b.w.e.tomcat.TomcatWebServer - Tomcat started on port(s): 8400 (http) with context path '/auth'
2022-04-30_18-49-42 [restartedMain] INFO  s.d.s.w.p.DocumentationPluginsBootstrapper - Context refreshed
2022-04-30_18-49-42 [restartedMain] INFO  s.d.s.w.p.DocumentationPluginsBootstrapper - Found 1 custom documentation plugin(s)
2022-04-30_18-49-42 [restartedMain] INFO  s.d.s.w.s.ApiListingReferenceScanner - Scanning for api listing references
2022-04-30_18-49-42 [restartedMain] INFO  s.d.s.w.r.o.CachingOperationNameGenerator - Generating unique operation named: handleUsingGET_1
2022-04-30_18-49-42 [restartedMain] INFO  s.d.s.w.r.o.CachingOperationNameGenerator - Generating unique operation named: handleUsingGET_2
2022-04-30_18-49-42 [restartedMain] INFO  c.c.a.AuthorizationMicroserviceApplication - Started AuthorizationMicroserviceApplication in 25.139 seconds (JVM running for 26.303)
2022-04-30_18-49-42 [Thread-2] INFO  o.s.s.c.ThreadPoolTaskExecutor - Shutting down ExecutorService 'applicationTaskExecutor'
2022-04-30_18-49-42 [Thread-2] INFO  o.s.o.j.LocalContainerEntityManagerFactoryBean - Closing JPA EntityManagerFactory for persistence unit 'default'
2022-04-30_18-49-42 [Thread-2] INFO  o.h.t.s.i.SchemaDropperImpl$DelayedDropActionImpl - HHH000477: Starting delayed evictData of schema as part of SessionFactory shut-down'
2022-04-30_18-49-42 [Thread-2] INFO  com.zaxxer.hikari.HikariDataSource - HikariPool-1 - Shutdown initiated...
2022-04-30_18-49-42 [Thread-2] INFO  com.zaxxer.hikari.HikariDataSource - HikariPool-1 - Shutdown completed.
2022-04-30_18-54-12 [restartedMain] INFO  c.c.a.AuthorizationMicroserviceApplication - Starting AuthorizationMicroserviceApplication using Java 1.8.0_181 on DESKTOP-PSR7GHJ with PID 18960 (C:\Users\HP\Downloads\Pension-Management-System-main\Pension-Management-System-main\Authorization-Microservice\target\classes started by HP in C:\Users\HP\Downloads\Pension-Management-System-main\Pension-Management-System-main\Authorization-Microservice)
2022-04-30_18-54-12 [restartedMain] INFO  c.c.a.AuthorizationMicroserviceApplication - No active profile set, falling back to default profiles: default
2022-04-30_18-54-12 [restartedMain] INFO  o.s.d.r.c.RepositoryConfigurationDelegate - Bootstrapping Spring Data JPA repositories in DEFAULT mode.
2022-04-30_18-54-12 [restartedMain] INFO  o.s.d.r.c.RepositoryConfigurationDelegate - Finished Spring Data repository scanning in 79 ms. Found 1 JPA repository interfaces.
2022-04-30_18-54-12 [restartedMain] INFO  o.s.cloud.context.scope.GenericScope - BeanFactory id=9cfaff61-749d-3a21-a9ed-bc8d51a71c97
2022-04-30_18-54-12 [restartedMain] INFO  o.s.b.w.e.tomcat.TomcatWebServer - Tomcat initialized with port(s): 8400 (http)
2022-04-30_18-54-12 [restartedMain] INFO  o.a.coyote.http11.Http11NioProtocol - Initializing ProtocolHandler ["http-nio-8400"]
2022-04-30_18-54-12 [restartedMain] INFO  o.a.catalina.core.StandardService - Starting service [Tomcat]
2022-04-30_18-54-12 [restartedMain] INFO  o.a.catalina.core.StandardEngine - Starting Servlet engine: [Apache Tomcat/9.0.41]
2022-04-30_18-54-12 [restartedMain] INFO  o.a.c.c.C.[.[localhost].[/auth] - Initializing Spring embedded WebApplicationContext
2022-04-30_18-54-12 [restartedMain] INFO  o.s.b.w.s.c.ServletWebServerApplicationContext - Root WebApplicationContext: initialization completed in 1906 ms
2022-04-30_18-54-12 [restartedMain] INFO  com.zaxxer.hikari.HikariDataSource - HikariPool-2 - Starting...
2022-04-30_18-54-12 [restartedMain] INFO  com.zaxxer.hikari.HikariDataSource - HikariPool-2 - Start completed.
2022-04-30_18-54-12 [restartedMain] INFO  o.s.b.a.h.H2ConsoleAutoConfiguration - H2 console available at '/db'. Database available at 'jdbc:h2:mem:testdb'
2022-04-30_18-54-12 [restartedMain] INFO  o.h.jpa.internal.util.LogHelper - HHH000204: Processing PersistenceUnitInfo [name: default]
2022-04-30_18-54-12 [restartedMain] INFO  org.hibernate.dialect.Dialect - HHH000400: Using dialect: org.hibernate.dialect.H2Dialect
2022-04-30_18-54-12 [restartedMain] INFO  o.h.e.t.j.p.i.JtaPlatformInitiator - HHH000490: Using JtaPlatform implementation: [org.hibernate.engine.transaction.jta.platform.internal.NoJtaPlatform]
2022-04-30_18-54-12 [restartedMain] INFO  o.s.o.j.LocalContainerEntityManagerFactoryBean - Initialized JPA EntityManagerFactory for persistence unit 'default'
2022-04-30_18-54-12 [restartedMain] INFO  o.s.b.a.e.web.EndpointLinksResolver - Exposing 2 endpoint(s) beneath base path '/actuator'
2022-04-30_18-54-12 [restartedMain] INFO  s.d.s.w.PropertySourcedRequestMappingHandlerMapping - Mapped URL path [/v2/api-docs] onto method [springfox.documentation.swagger2.web.Swagger2Controller#getDocumentation(String, HttpServletRequest)]
2022-04-30_18-54-12 [restartedMain] INFO  o.s.s.web.DefaultSecurityFilterChain - Will secure any request with [org.springframework.security.web.context.request.async.WebAsyncManagerIntegrationFilter@634002dd, org.springframework.security.web.context.SecurityContextPersistenceFilter@4c37752d, org.springframework.security.web.header.HeaderWriterFilter@7c6c3076, org.springframework.security.web.authentication.logout.LogoutFilter@5e88e8c0, com.cts.authorization.config.JwtRequestFilter@2f963749, org.springframework.security.web.savedrequest.RequestCacheAwareFilter@12bf55ec, org.springframework.security.web.servletapi.SecurityContextHolderAwareRequestFilter@fcd284d, org.springframework.security.web.authentication.AnonymousAuthenticationFilter@5731127a, org.springframework.security.web.session.SessionManagementFilter@39a3f535, org.springframework.security.web.access.ExceptionTranslationFilter@3abafa8, org.springframework.security.web.access.intercept.FilterSecurityInterceptor@51a84e53]
2022-04-30_18-54-12 [restartedMain] INFO  o.s.s.c.ThreadPoolTaskExecutor - Initializing ExecutorService 'applicationTaskExecutor'
2022-04-30_18-54-12 [restartedMain] INFO  o.a.coyote.http11.Http11NioProtocol - Starting ProtocolHandler ["http-nio-8400"]
2022-04-30_18-54-12 [restartedMain] INFO  o.s.b.w.e.tomcat.TomcatWebServer - Tomcat started on port(s): 8400 (http) with context path '/auth'
2022-04-30_18-54-12 [restartedMain] INFO  s.d.s.w.p.DocumentationPluginsBootstrapper - Context refreshed
2022-04-30_18-54-12 [restartedMain] INFO  s.d.s.w.p.DocumentationPluginsBootstrapper - Found 1 custom documentation plugin(s)
2022-04-30_18-54-12 [restartedMain] INFO  s.d.s.w.s.ApiListingReferenceScanner - Scanning for api listing references
2022-04-30_18-54-12 [restartedMain] INFO  s.d.s.w.r.o.CachingOperationNameGenerator - Generating unique operation named: handleUsingGET_1
2022-04-30_18-54-12 [restartedMain] INFO  s.d.s.w.r.o.CachingOperationNameGenerator - Generating unique operation named: handleUsingGET_2
2022-04-30_18-54-12 [restartedMain] INFO  c.c.a.AuthorizationMicroserviceApplication - Started AuthorizationMicroserviceApplication in 5.503 seconds (JVM running for 275.99)
2022-04-30_18-54-12 [restartedMain] INFO  o.s.b.d.a.ConditionEvaluationDeltaLoggingListener - Condition evaluation unchanged
2022-04-30_18-54-12 [Thread-15] INFO  o.s.s.c.ThreadPoolTaskExecutor - Shutting down ExecutorService 'applicationTaskExecutor'
2022-04-30_18-54-12 [Thread-15] INFO  o.s.o.j.LocalContainerEntityManagerFactoryBean - Closing JPA EntityManagerFactory for persistence unit 'default'
2022-04-30_18-54-12 [Thread-15] INFO  o.h.t.s.i.SchemaDropperImpl$DelayedDropActionImpl - HHH000477: Starting delayed evictData of schema as part of SessionFactory shut-down'
2022-04-30_18-54-12 [Thread-15] INFO  com.zaxxer.hikari.HikariDataSource - HikariPool-2 - Shutdown initiated...
2022-04-30_18-54-12 [Thread-15] INFO  com.zaxxer.hikari.HikariDataSource - HikariPool-2 - Shutdown completed.
2022-04-30_18-54-19 [restartedMain] INFO  c.c.a.AuthorizationMicroserviceApplication - Starting AuthorizationMicroserviceApplication using Java 1.8.0_181 on DESKTOP-PSR7GHJ with PID 18960 (C:\Users\HP\Downloads\Pension-Management-System-main\Pension-Management-System-main\Authorization-Microservice\target\classes started by HP in C:\Users\HP\Downloads\Pension-Management-System-main\Pension-Management-System-main\Authorization-Microservice)
2022-04-30_18-54-19 [restartedMain] INFO  c.c.a.AuthorizationMicroserviceApplication - No active profile set, falling back to default profiles: default
2022-04-30_18-54-19 [restartedMain] INFO  o.s.d.r.c.RepositoryConfigurationDelegate - Bootstrapping Spring Data JPA repositories in DEFAULT mode.
2022-04-30_18-54-19 [restartedMain] INFO  o.s.d.r.c.RepositoryConfigurationDelegate - Finished Spring Data repository scanning in 13 ms. Found 1 JPA repository interfaces.
2022-04-30_18-54-19 [restartedMain] INFO  o.s.cloud.context.scope.GenericScope - BeanFactory id=9cfaff61-749d-3a21-a9ed-bc8d51a71c97
2022-04-30_18-54-19 [restartedMain] INFO  o.s.b.w.e.tomcat.TomcatWebServer - Tomcat initialized with port(s): 8400 (http)
2022-04-30_18-54-19 [restartedMain] INFO  o.a.coyote.http11.Http11NioProtocol - Initializing ProtocolHandler ["http-nio-8400"]
2022-04-30_18-54-19 [restartedMain] INFO  o.a.catalina.core.StandardService - Starting service [Tomcat]
2022-04-30_18-54-19 [restartedMain] INFO  o.a.catalina.core.StandardEngine - Starting Servlet engine: [Apache Tomcat/9.0.41]
2022-04-30_18-54-19 [restartedMain] INFO  o.a.c.c.C.[.[localhost].[/auth] - Initializing Spring embedded WebApplicationContext
2022-04-30_18-54-19 [restartedMain] INFO  o.s.b.w.s.c.ServletWebServerApplicationContext - Root WebApplicationContext: initialization completed in 952 ms
2022-04-30_18-54-19 [restartedMain] INFO  com.zaxxer.hikari.HikariDataSource - HikariPool-3 - Starting...
2022-04-30_18-54-19 [restartedMain] INFO  com.zaxxer.hikari.HikariDataSource - HikariPool-3 - Start completed.
2022-04-30_18-54-19 [restartedMain] INFO  o.s.b.a.h.H2ConsoleAutoConfiguration - H2 console available at '/db'. Database available at 'jdbc:h2:mem:testdb'
2022-04-30_18-54-19 [restartedMain] INFO  o.h.jpa.internal.util.LogHelper - HHH000204: Processing PersistenceUnitInfo [name: default]
2022-04-30_18-54-19 [restartedMain] INFO  org.hibernate.dialect.Dialect - HHH000400: Using dialect: org.hibernate.dialect.H2Dialect
2022-04-30_18-54-19 [restartedMain] INFO  o.h.e.t.j.p.i.JtaPlatformInitiator - HHH000490: Using JtaPlatform implementation: [org.hibernate.engine.transaction.jta.platform.internal.NoJtaPlatform]
2022-04-30_18-54-19 [restartedMain] INFO  o.s.o.j.LocalContainerEntityManagerFactoryBean - Initialized JPA EntityManagerFactory for persistence unit 'default'
2022-04-30_18-54-19 [restartedMain] INFO  o.s.b.a.e.web.EndpointLinksResolver - Exposing 2 endpoint(s) beneath base path '/actuator'
2022-04-30_18-54-19 [restartedMain] INFO  s.d.s.w.PropertySourcedRequestMappingHandlerMapping - Mapped URL path [/v2/api-docs] onto method [springfox.documentation.swagger2.web.Swagger2Controller#getDocumentation(String, HttpServletRequest)]
2022-04-30_18-54-19 [restartedMain] INFO  o.s.s.web.DefaultSecurityFilterChain - Will secure any request with [org.springframework.security.web.context.request.async.WebAsyncManagerIntegrationFilter@fb14b63, org.springframework.security.web.context.SecurityContextPersistenceFilter@26c874de, org.springframework.security.web.header.HeaderWriterFilter@23c70f0e, org.springframework.security.web.authentication.logout.LogoutFilter@2344d6c4, com.cts.authorization.config.JwtRequestFilter@253d1c64, org.springframework.security.web.savedrequest.RequestCacheAwareFilter@2a711459, org.springframework.security.web.servletapi.SecurityContextHolderAwareRequestFilter@3155d166, org.springframework.security.web.authentication.AnonymousAuthenticationFilter@12e3209d, org.springframework.security.web.session.SessionManagementFilter@3e592695, org.springframework.security.web.access.ExceptionTranslationFilter@41f9a98f, org.springframework.security.web.access.intercept.FilterSecurityInterceptor@23c8c2d9]
2022-04-30_18-54-19 [restartedMain] INFO  o.s.s.c.ThreadPoolTaskExecutor - Initializing ExecutorService 'applicationTaskExecutor'
2022-04-30_18-54-19 [restartedMain] INFO  o.a.coyote.http11.Http11NioProtocol - Starting ProtocolHandler ["http-nio-8400"]
2022-04-30_18-54-19 [restartedMain] INFO  o.s.b.w.e.tomcat.TomcatWebServer - Tomcat started on port(s): 8400 (http) with context path '/auth'
2022-04-30_18-54-19 [restartedMain] INFO  s.d.s.w.p.DocumentationPluginsBootstrapper - Context refreshed
2022-04-30_18-54-19 [restartedMain] INFO  s.d.s.w.p.DocumentationPluginsBootstrapper - Found 1 custom documentation plugin(s)
2022-04-30_18-54-19 [restartedMain] INFO  s.d.s.w.s.ApiListingReferenceScanner - Scanning for api listing references
2022-04-30_18-54-19 [restartedMain] INFO  s.d.s.w.r.o.CachingOperationNameGenerator - Generating unique operation named: handleUsingGET_1
2022-04-30_18-54-19 [restartedMain] INFO  s.d.s.w.r.o.CachingOperationNameGenerator - Generating unique operation named: handleUsingGET_2
2022-04-30_18-54-19 [restartedMain] INFO  c.c.a.AuthorizationMicroserviceApplication - Started AuthorizationMicroserviceApplication in 2.59 seconds (JVM running for 280.19)
2022-04-30_18-54-19 [restartedMain] INFO  o.s.b.d.a.ConditionEvaluationDeltaLoggingListener - Condition evaluation unchanged
2022-04-30_18-54-19 [RMI TCP Connection(32)-127.0.0.1] INFO  o.a.c.c.C.[.[localhost].[/auth] - Initializing Spring DispatcherServlet 'dispatcherServlet'
2022-04-30_18-54-19 [RMI TCP Connection(32)-127.0.0.1] INFO  o.s.web.servlet.DispatcherServlet - Initializing Servlet 'dispatcherServlet'
2022-04-30_18-54-19 [RMI TCP Connection(32)-127.0.0.1] INFO  o.s.web.servlet.DispatcherServlet - Completed initialization in 24 ms
2022-04-30_18-54-19 [RMI TCP Connection(51)-127.0.0.1] INFO  o.s.b.a.SpringApplicationAdminMXBeanRegistrar$SpringApplicationAdmin - Application shutdown requested.
2022-04-30_18-54-19 [RMI TCP Connection(51)-127.0.0.1] INFO  o.s.s.c.ThreadPoolTaskExecutor - Shutting down ExecutorService 'applicationTaskExecutor'
2022-04-30_18-54-19 [RMI TCP Connection(51)-127.0.0.1] INFO  o.s.o.j.LocalContainerEntityManagerFactoryBean - Closing JPA EntityManagerFactory for persistence unit 'default'
2022-04-30_18-54-19 [RMI TCP Connection(51)-127.0.0.1] INFO  o.h.t.s.i.SchemaDropperImpl$DelayedDropActionImpl - HHH000477: Starting delayed evictData of schema as part of SessionFactory shut-down'
2022-04-30_18-54-19 [RMI TCP Connection(51)-127.0.0.1] INFO  com.zaxxer.hikari.HikariDataSource - HikariPool-3 - Shutdown initiated...
2022-04-30_18-54-19 [RMI TCP Connection(51)-127.0.0.1] INFO  com.zaxxer.hikari.HikariDataSource - HikariPool-3 - Shutdown completed.
2022-04-30_19-50-17 [restartedMain] INFO  c.c.a.AuthorizationMicroserviceApplication - Starting AuthorizationMicroserviceApplication using Java 1.8.0_181 on DESKTOP-PSR7GHJ with PID 17052 (C:\Users\HP\Downloads\Pension-Management-System-main\Pension-Management-System-main\Authorization-Microservice\target\classes started by HP in C:\Users\HP\Downloads\Pension-Management-System-main\Pension-Management-System-main\Authorization-Microservice)
2022-04-30_19-50-17 [restartedMain] INFO  c.c.a.AuthorizationMicroserviceApplication - No active profile set, falling back to default profiles: default
2022-04-30_19-50-17 [restartedMain] INFO  o.s.b.d.e.DevToolsPropertyDefaultsPostProcessor - Devtools property defaults active! Set 'spring.devtools.add-properties' to 'false' to disable
2022-04-30_19-50-17 [restartedMain] INFO  o.s.b.d.e.DevToolsPropertyDefaultsPostProcessor - For additional web related logging consider setting the 'logging.level.web' property to 'DEBUG'
2022-04-30_19-50-17 [restartedMain] INFO  o.s.d.r.c.RepositoryConfigurationDelegate - Bootstrapping Spring Data JPA repositories in DEFAULT mode.
2022-04-30_19-50-17 [restartedMain] INFO  o.s.d.r.c.RepositoryConfigurationDelegate - Finished Spring Data repository scanning in 66 ms. Found 1 JPA repository interfaces.
2022-04-30_19-50-17 [restartedMain] INFO  o.s.cloud.context.scope.GenericScope - BeanFactory id=9cfaff61-749d-3a21-a9ed-bc8d51a71c97
2022-04-30_19-50-17 [restartedMain] INFO  o.s.b.w.e.tomcat.TomcatWebServer - Tomcat initialized with port(s): 8400 (http)
2022-04-30_19-50-17 [restartedMain] INFO  o.a.coyote.http11.Http11NioProtocol - Initializing ProtocolHandler ["http-nio-8400"]
2022-04-30_19-50-17 [restartedMain] INFO  o.a.catalina.core.StandardService - Starting service [Tomcat]
2022-04-30_19-50-17 [restartedMain] INFO  o.a.catalina.core.StandardEngine - Starting Servlet engine: [Apache Tomcat/9.0.41]
2022-04-30_19-50-17 [restartedMain] INFO  o.a.c.c.C.[.[localhost].[/auth] - Initializing Spring embedded WebApplicationContext
2022-04-30_19-50-17 [restartedMain] INFO  o.s.b.w.s.c.ServletWebServerApplicationContext - Root WebApplicationContext: initialization completed in 2383 ms
2022-04-30_19-50-17 [restartedMain] INFO  com.zaxxer.hikari.HikariDataSource - HikariPool-1 - Starting...
2022-04-30_19-50-17 [restartedMain] INFO  com.zaxxer.hikari.HikariDataSource - HikariPool-1 - Start completed.
2022-04-30_19-50-17 [restartedMain] INFO  o.s.b.a.h.H2ConsoleAutoConfiguration - H2 console available at '/db'. Database available at 'jdbc:h2:mem:testdb'
2022-04-30_19-50-17 [restartedMain] INFO  o.h.jpa.internal.util.LogHelper - HHH000204: Processing PersistenceUnitInfo [name: default]
2022-04-30_19-50-17 [restartedMain] INFO  org.hibernate.Version - HHH000412: Hibernate ORM core version 5.4.27.Final
2022-04-30_19-50-17 [restartedMain] INFO  o.h.annotations.common.Version - HCANN000001: Hibernate Commons Annotations {5.1.2.Final}
2022-04-30_19-50-17 [restartedMain] INFO  org.hibernate.dialect.Dialect - HHH000400: Using dialect: org.hibernate.dialect.H2Dialect
2022-04-30_19-50-17 [restartedMain] INFO  o.h.e.t.j.p.i.JtaPlatformInitiator - HHH000490: Using JtaPlatform implementation: [org.hibernate.engine.transaction.jta.platform.internal.NoJtaPlatform]
2022-04-30_19-50-17 [restartedMain] INFO  o.s.o.j.LocalContainerEntityManagerFactoryBean - Initialized JPA EntityManagerFactory for persistence unit 'default'
2022-04-30_19-50-17 [restartedMain] INFO  o.s.b.a.e.web.EndpointLinksResolver - Exposing 2 endpoint(s) beneath base path '/actuator'
2022-04-30_19-50-17 [restartedMain] INFO  s.d.s.w.PropertySourcedRequestMappingHandlerMapping - Mapped URL path [/v2/api-docs] onto method [springfox.documentation.swagger2.web.Swagger2Controller#getDocumentation(String, HttpServletRequest)]
2022-04-30_19-50-17 [restartedMain] INFO  o.s.s.web.DefaultSecurityFilterChain - Will secure any request with [org.springframework.security.web.context.request.async.WebAsyncManagerIntegrationFilter@53b03ffd, org.springframework.security.web.context.SecurityContextPersistenceFilter@5edbb279, org.springframework.security.web.header.HeaderWriterFilter@505b9f81, org.springframework.security.web.authentication.logout.LogoutFilter@4ba92360, com.cts.authorization.config.JwtRequestFilter@d1565eb, org.springframework.security.web.savedrequest.RequestCacheAwareFilter@1f812bb1, org.springframework.security.web.servletapi.SecurityContextHolderAwareRequestFilter@719512d5, org.springframework.security.web.authentication.AnonymousAuthenticationFilter@76ab7686, org.springframework.security.web.session.SessionManagementFilter@1d5b5252, org.springframework.security.web.access.ExceptionTranslationFilter@43b58cec, org.springframework.security.web.access.intercept.FilterSecurityInterceptor@3aa0c7c9]
2022-04-30_19-50-17 [restartedMain] INFO  o.s.s.c.ThreadPoolTaskExecutor - Initializing ExecutorService 'applicationTaskExecutor'
2022-04-30_19-50-17 [restartedMain] INFO  o.a.coyote.http11.Http11NioProtocol - Starting ProtocolHandler ["http-nio-8400"]
2022-04-30_19-50-17 [restartedMain] INFO  o.s.b.w.e.tomcat.TomcatWebServer - Tomcat started on port(s): 8400 (http) with context path '/auth'
2022-04-30_19-50-17 [restartedMain] INFO  s.d.s.w.p.DocumentationPluginsBootstrapper - Context refreshed
2022-04-30_19-50-17 [restartedMain] INFO  s.d.s.w.p.DocumentationPluginsBootstrapper - Found 1 custom documentation plugin(s)
2022-04-30_19-50-17 [restartedMain] INFO  s.d.s.w.s.ApiListingReferenceScanner - Scanning for api listing references
2022-04-30_19-50-17 [restartedMain] INFO  s.d.s.w.r.o.CachingOperationNameGenerator - Generating unique operation named: handleUsingGET_1
2022-04-30_19-50-17 [restartedMain] INFO  s.d.s.w.r.o.CachingOperationNameGenerator - Generating unique operation named: handleUsingGET_2
2022-04-30_19-50-17 [restartedMain] INFO  c.c.a.AuthorizationMicroserviceApplication - Started AuthorizationMicroserviceApplication in 7.701 seconds (JVM running for 8.928)
2022-04-30_19-50-17 [RMI TCP Connection(3)-127.0.0.1] INFO  o.a.c.c.C.[.[localhost].[/auth] - Initializing Spring DispatcherServlet 'dispatcherServlet'
2022-04-30_19-50-17 [RMI TCP Connection(3)-127.0.0.1] INFO  o.s.web.servlet.DispatcherServlet - Initializing Servlet 'dispatcherServlet'
2022-04-30_19-50-17 [RMI TCP Connection(3)-127.0.0.1] INFO  o.s.web.servlet.DispatcherServlet - Completed initialization in 2 ms
2022-04-30_19-50-17 [Thread-3] INFO  o.s.s.c.ThreadPoolTaskExecutor - Shutting down ExecutorService 'applicationTaskExecutor'
2022-04-30_19-50-17 [Thread-3] INFO  o.s.o.j.LocalContainerEntityManagerFactoryBean - Closing JPA EntityManagerFactory for persistence unit 'default'
2022-04-30_19-50-17 [Thread-3] INFO  o.h.t.s.i.SchemaDropperImpl$DelayedDropActionImpl - HHH000477: Starting delayed evictData of schema as part of SessionFactory shut-down'
2022-04-30_19-50-17 [Thread-3] INFO  com.zaxxer.hikari.HikariDataSource - HikariPool-1 - Shutdown initiated...
2022-04-30_19-50-17 [Thread-3] INFO  com.zaxxer.hikari.HikariDataSource - HikariPool-1 - Shutdown completed.
2022-04-30_20-00-21 [restartedMain] INFO  c.c.a.AuthorizationMicroserviceApplication - Starting AuthorizationMicroserviceApplication using Java 1.8.0_181 on DESKTOP-PSR7GHJ with PID 17052 (C:\Users\HP\Downloads\Pension-Management-System-main\Pension-Management-System-main\Authorization-Microservice\target\classes started by HP in C:\Users\HP\Downloads\Pension-Management-System-main\Pension-Management-System-main\Authorization-Microservice)
2022-04-30_20-00-21 [restartedMain] INFO  c.c.a.AuthorizationMicroserviceApplication - No active profile set, falling back to default profiles: default
2022-04-30_20-00-21 [restartedMain] INFO  o.s.d.r.c.RepositoryConfigurationDelegate - Bootstrapping Spring Data JPA repositories in DEFAULT mode.
2022-04-30_20-00-21 [restartedMain] INFO  o.s.d.r.c.RepositoryConfigurationDelegate - Finished Spring Data repository scanning in 16 ms. Found 1 JPA repository interfaces.
2022-04-30_20-00-21 [restartedMain] INFO  o.s.cloud.context.scope.GenericScope - BeanFactory id=9cfaff61-749d-3a21-a9ed-bc8d51a71c97
2022-04-30_20-00-21 [restartedMain] INFO  o.s.b.w.e.tomcat.TomcatWebServer - Tomcat initialized with port(s): 8400 (http)
2022-04-30_20-00-21 [restartedMain] INFO  o.a.coyote.http11.Http11NioProtocol - Initializing ProtocolHandler ["http-nio-8400"]
2022-04-30_20-00-21 [restartedMain] INFO  o.a.catalina.core.StandardService - Starting service [Tomcat]
2022-04-30_20-00-21 [restartedMain] INFO  o.a.catalina.core.StandardEngine - Starting Servlet engine: [Apache Tomcat/9.0.41]
2022-04-30_20-00-21 [restartedMain] INFO  o.a.c.c.C.[.[localhost].[/auth] - Initializing Spring embedded WebApplicationContext
2022-04-30_20-00-21 [restartedMain] INFO  o.s.b.w.s.c.ServletWebServerApplicationContext - Root WebApplicationContext: initialization completed in 995 ms
2022-04-30_20-00-21 [restartedMain] INFO  com.zaxxer.hikari.HikariDataSource - HikariPool-2 - Starting...
2022-04-30_20-00-21 [restartedMain] INFO  com.zaxxer.hikari.HikariDataSource - HikariPool-2 - Start completed.
2022-04-30_20-00-21 [restartedMain] INFO  o.s.b.a.h.H2ConsoleAutoConfiguration - H2 console available at '/db'. Database available at 'jdbc:h2:mem:testdb'
2022-04-30_20-00-21 [restartedMain] INFO  o.h.jpa.internal.util.LogHelper - HHH000204: Processing PersistenceUnitInfo [name: default]
2022-04-30_20-00-21 [restartedMain] INFO  org.hibernate.dialect.Dialect - HHH000400: Using dialect: org.hibernate.dialect.H2Dialect
2022-04-30_20-00-21 [restartedMain] INFO  o.h.e.t.j.p.i.JtaPlatformInitiator - HHH000490: Using JtaPlatform implementation: [org.hibernate.engine.transaction.jta.platform.internal.NoJtaPlatform]
2022-04-30_20-00-21 [restartedMain] INFO  o.s.o.j.LocalContainerEntityManagerFactoryBean - Initialized JPA EntityManagerFactory for persistence unit 'default'
2022-04-30_20-00-21 [restartedMain] INFO  o.s.b.a.e.web.EndpointLinksResolver - Exposing 2 endpoint(s) beneath base path '/actuator'
2022-04-30_20-00-21 [restartedMain] INFO  s.d.s.w.PropertySourcedRequestMappingHandlerMapping - Mapped URL path [/v2/api-docs] onto method [springfox.documentation.swagger2.web.Swagger2Controller#getDocumentation(String, HttpServletRequest)]
2022-04-30_20-00-21 [restartedMain] INFO  o.s.o.j.LocalContainerEntityManagerFactoryBean - Closing JPA EntityManagerFactory for persistence unit 'default'
2022-04-30_20-00-21 [restartedMain] INFO  o.h.t.s.i.SchemaDropperImpl$DelayedDropActionImpl - HHH000477: Starting delayed evictData of schema as part of SessionFactory shut-down'
2022-04-30_20-00-21 [restartedMain] INFO  com.zaxxer.hikari.HikariDataSource - HikariPool-2 - Shutdown initiated...
2022-04-30_20-00-21 [restartedMain] INFO  com.zaxxer.hikari.HikariDataSource - HikariPool-2 - Shutdown completed.
2022-04-30_20-00-21 [restartedMain] INFO  o.a.catalina.core.StandardService - Stopping service [Tomcat]
2022-04-30_20-00-21 [restartedMain] INFO  o.s.b.a.l.ConditionEvaluationReportLoggingListener - 

Error starting ApplicationContext. To display the conditions report re-run your application with 'debug' enabled.
2022-04-30_20-00-25 [restartedMain] INFO  c.c.a.AuthorizationMicroserviceApplication - Starting AuthorizationMicroserviceApplication using Java 1.8.0_181 on DESKTOP-PSR7GHJ with PID 17052 (C:\Users\HP\Downloads\Pension-Management-System-main\Pension-Management-System-main\Authorization-Microservice\target\classes started by HP in C:\Users\HP\Downloads\Pension-Management-System-main\Pension-Management-System-main\Authorization-Microservice)
2022-04-30_20-00-25 [restartedMain] INFO  c.c.a.AuthorizationMicroserviceApplication - No active profile set, falling back to default profiles: default
2022-04-30_20-00-25 [restartedMain] INFO  o.s.d.r.c.RepositoryConfigurationDelegate - Bootstrapping Spring Data JPA repositories in DEFAULT mode.
2022-04-30_20-00-25 [restartedMain] INFO  o.s.d.r.c.RepositoryConfigurationDelegate - Finished Spring Data repository scanning in 16 ms. Found 1 JPA repository interfaces.
2022-04-30_20-00-25 [restartedMain] INFO  o.s.cloud.context.scope.GenericScope - BeanFactory id=9cfaff61-749d-3a21-a9ed-bc8d51a71c97
2022-04-30_20-00-25 [restartedMain] INFO  o.s.b.w.e.tomcat.TomcatWebServer - Tomcat initialized with port(s): 8400 (http)
2022-04-30_20-00-25 [restartedMain] INFO  o.a.coyote.http11.Http11NioProtocol - Initializing ProtocolHandler ["http-nio-8400"]
2022-04-30_20-00-25 [restartedMain] INFO  o.a.catalina.core.StandardService - Starting service [Tomcat]
2022-04-30_20-00-25 [restartedMain] INFO  o.a.catalina.core.StandardEngine - Starting Servlet engine: [Apache Tomcat/9.0.41]
2022-04-30_20-00-25 [restartedMain] INFO  o.a.c.c.C.[.[localhost].[/auth] - Initializing Spring embedded WebApplicationContext
2022-04-30_20-00-25 [restartedMain] INFO  o.s.b.w.s.c.ServletWebServerApplicationContext - Root WebApplicationContext: initialization completed in 903 ms
2022-04-30_20-00-25 [restartedMain] INFO  com.zaxxer.hikari.HikariDataSource - HikariPool-3 - Starting...
2022-04-30_20-00-25 [restartedMain] INFO  com.zaxxer.hikari.HikariDataSource - HikariPool-3 - Start completed.
2022-04-30_20-00-25 [restartedMain] INFO  o.s.b.a.h.H2ConsoleAutoConfiguration - H2 console available at '/db'. Database available at 'jdbc:h2:mem:testdb'
2022-04-30_20-00-25 [restartedMain] INFO  o.h.jpa.internal.util.LogHelper - HHH000204: Processing PersistenceUnitInfo [name: default]
2022-04-30_20-00-25 [restartedMain] INFO  org.hibernate.dialect.Dialect - HHH000400: Using dialect: org.hibernate.dialect.H2Dialect
2022-04-30_20-00-25 [restartedMain] INFO  o.h.e.t.j.p.i.JtaPlatformInitiator - HHH000490: Using JtaPlatform implementation: [org.hibernate.engine.transaction.jta.platform.internal.NoJtaPlatform]
2022-04-30_20-00-25 [restartedMain] INFO  o.s.o.j.LocalContainerEntityManagerFactoryBean - Initialized JPA EntityManagerFactory for persistence unit 'default'
2022-04-30_20-00-25 [restartedMain] INFO  o.s.b.a.e.web.EndpointLinksResolver - Exposing 2 endpoint(s) beneath base path '/actuator'
2022-04-30_20-00-25 [restartedMain] INFO  s.d.s.w.PropertySourcedRequestMappingHandlerMapping - Mapped URL path [/v2/api-docs] onto method [springfox.documentation.swagger2.web.Swagger2Controller#getDocumentation(String, HttpServletRequest)]
2022-04-30_20-00-25 [restartedMain] INFO  o.s.o.j.LocalContainerEntityManagerFactoryBean - Closing JPA EntityManagerFactory for persistence unit 'default'
2022-04-30_20-00-25 [restartedMain] INFO  o.h.t.s.i.SchemaDropperImpl$DelayedDropActionImpl - HHH000477: Starting delayed evictData of schema as part of SessionFactory shut-down'
2022-04-30_20-00-25 [restartedMain] INFO  com.zaxxer.hikari.HikariDataSource - HikariPool-3 - Shutdown initiated...
2022-04-30_20-00-25 [restartedMain] INFO  com.zaxxer.hikari.HikariDataSource - HikariPool-3 - Shutdown completed.
2022-04-30_20-00-25 [restartedMain] INFO  o.a.catalina.core.StandardService - Stopping service [Tomcat]
2022-04-30_20-00-25 [restartedMain] INFO  o.s.b.a.l.ConditionEvaluationReportLoggingListener - 

Error starting ApplicationContext. To display the conditions report re-run your application with 'debug' enabled.
